#
# There is insufficient memory for the Java Runtime Environment to continue.
# Native memory allocation (mmap) failed to map 1287651328 bytes for G1 virtual space
# Possible reasons:
#   The system is out of physical RAM or swap space
#   The process is running with CompressedOops enabled, and the Java Heap may be blocking the growth of the native heap
# Possible solutions:
#   Reduce memory load on the system
#   Increase physical memory or swap space
#   Check if swap backing store is full
#   Decrease Java heap size (-Xmx/-Xms)
#   Decrease number of Java threads
#   Decrease Java thread stack sizes (-Xss)
#   Set larger code cache with -XX:ReservedCodeCacheSize=
#   JVM is running with Zero Based Compressed Oops mode in which the Java heap is
#     placed in the first 32GB address space. The Java Heap base address is the
#     maximum limit for the native heap growth. Please use -XX:HeapBaseMinAddress
#     to set the Java Heap base and to place the Java Heap above 32GB virtual address.
# This output file may be truncated or incomplete.
#
#  Out of Memory Error (os_windows.cpp:3551), pid=156884, tid=150908
#
# JRE version: Java(TM) SE Runtime Environment (17.0.17+8) (build 17.0.17+8-LTS-360)
# Java VM: Java HotSpot(TM) 64-Bit Server VM (17.0.17+8-LTS-360, mixed mode, sharing, tiered, compressed oops, compressed class ptrs, g1 gc, windows-amd64)
# No core dump will be written. Minidumps are not enabled by default on client versions of Windows
#

---------------  S U M M A R Y ------------

Command Line: --add-opens=java.base/java.lang=ALL-UNNAMED --add-opens=java.base/java.lang.invoke=ALL-UNNAMED --add-opens=java.base/java.util=ALL-UNNAMED --add-opens=java.prefs/java.util.prefs=ALL-UNNAMED --add-exports=jdk.compiler/com.sun.tools.javac.api=ALL-UNNAMED --add-exports=jdk.compiler/com.sun.tools.javac.util=ALL-UNNAMED --add-opens=java.base/java.util=ALL-UNNAMED --add-opens=java.prefs/java.util.prefs=ALL-UNNAMED --add-opens=java.base/java.nio.charset=ALL-UNNAMED --add-opens=java.base/java.net=ALL-UNNAMED --add-opens=java.base/java.util.concurrent.atomic=ALL-UNNAMED --add-opens=java.xml/javax.xml.namespace=ALL-UNNAMED -Xmx4096M -Dfile.encoding=UTF-8 -Duser.country=US -Duser.language=en -Duser.variant -javaagent:D:\Android\.gradle\wrapper\dists\gradle-8.14.3-bin\cv11ve7ro1n3o1j4so8xd9n66\gradle-8.14.3\lib\agents\gradle-instrumentation-agent-8.14.3.jar org.gradle.launcher.daemon.bootstrap.GradleDaemon 8.14.3

Host: AMD Ryzen 5 PRO 2400GE w/ Radeon Vega Graphics , 8 cores, 14G,  Windows 11 , 64 bit Build 22000 (10.0.22000.2538)
Time: Thu Apr  9 20:55:23 2026 E. Africa Standard Time elapsed time: 183.079560 seconds (0d 0h 3m 3s)

---------------  T H R E A D  ---------------

Current thread (0x000002487b08b870):  VMThread "VM Thread" [stack: 0x000000d2f4c00000,0x000000d2f4d00000] [id=150908]

Stack: [0x000000d2f4c00000,0x000000d2f4d00000]
Native frames: (J=compiled Java code, j=interpreted, Vv=VM code, C=native code)
V  [jvm.dll+0x67a0ea]
V  [jvm.dll+0x7da56d]
V  [jvm.dll+0x7dbeb3]
V  [jvm.dll+0x7dc523]
V  [jvm.dll+0x2453af]
V  [jvm.dll+0x677119]
V  [jvm.dll+0x66bda2]
V  [jvm.dll+0x3022a6]
V  [jvm.dll+0x309846]
V  [jvm.dll+0x35a25e]
V  [jvm.dll+0x35a48f]
V  [jvm.dll+0x2d9378]
V  [jvm.dll+0x2d77ad]
V  [jvm.dll+0x2d6dfc]
V  [jvm.dll+0x31a95b]
V  [jvm.dll+0x7e0e1b]
V  [jvm.dll+0x7e1b54]
V  [jvm.dll+0x7e206d]
V  [jvm.dll+0x7e2444]
V  [jvm.dll+0x7e2510]
V  [jvm.dll+0x78af4a]
V  [jvm.dll+0x678fd5]
C  [ucrtbase.dll+0x26c0c]
C  [KERNEL32.DLL+0x153e0]
C  [ntdll.dll+0x485b]

VM_Operation (0x000000d2f69fec50): G1CollectForAllocation, mode: safepoint, requested by thread 0x0000024846a26840


---------------  P R O C E S S  ---------------

Threads class SMR info:
_java_thread_list=0x000002484b4349a0, length=92, elements={
0x00000248581f6d10, 0x000002487b091c30, 0x000002487b094eb0, 0x000002487b0a69f0,
0x000002487b0a83b0, 0x000002487b0a8d60, 0x000002487b0a9710, 0x000002487b0aa4a0,
0x000002487b0aaf40, 0x0000024845157ff0, 0x00000248451f0b00, 0x00000248452a3820,
0x0000024846a25030, 0x0000024846a25ea0, 0x0000024846a276b0, 0x0000024846a24b60,
0x0000024846a271e0, 0x0000024846a26370, 0x0000024846a27b80, 0x0000024846a259d0,
0x0000024846a25500, 0x0000024846a26840, 0x0000024846a26d10, 0x0000024846a241c0,
0x0000024846a24690, 0x000002484982ebc0, 0x00000248498308a0, 0x0000024849832f20,
0x0000024849831240, 0x000002484982f560, 0x000002484982fa30, 0x000002484982dd50,
0x0000024849831be0, 0x00000248498320b0, 0x0000024849830d70, 0x0000024849832580,
0x00000248498303d0, 0x000002484982c540, 0x000002484982e220, 0x000002484982ca10,
0x000002484982d3b0, 0x000002484982cee0, 0x0000024847696030, 0x0000024847690990,
0x0000024847691cd0, 0x0000024847696500, 0x000002484768fff0, 0x00000248476939b0,
0x0000024847695b60, 0x0000024847690e60, 0x0000024847693010, 0x0000024847691330,
0x0000024847691800, 0x00000248476921a0, 0x0000024847692b40, 0x0000024847692670,
0x00000248476934e0, 0x0000024847694350, 0x00000248476951c0, 0x0000024845792fd0,
0x000002484578f140, 0x0000024845790e20, 0x000002484578ffb0, 0x000002484578e7a0,
0x000002484578e2d0, 0x000002484578f610, 0x0000024845790950, 0x0000024845792160,
0x0000024847542160, 0x0000024847542630, 0x0000024847544310, 0x0000024847542b00,
0x000002484753fae0, 0x00000248475447e0, 0x000002484753ffb0, 0x0000024847540e20,
0x000002484753d460, 0x000002484753e7a0, 0x00000248457912f0, 0x0000024847694cf0,
0x000002484c490540, 0x000002484c48e860, 0x000002484c493f00, 0x000002484c490070,
0x000002484c48ed30, 0x000002484c490a10, 0x000002484c48e390, 0x000002484c491d50,
0x000002484c493a30, 0x000002484c492bc0, 0x000002484c492220, 0x000002484c48dec0
}

Java Threads: ( => current thread )
  0x00000248581f6d10 JavaThread "main" [_thread_blocked, id=143432, stack(0x000000d2f4600000,0x000000d2f4700000)]
  0x000002487b091c30 JavaThread "Reference Handler" daemon [_thread_blocked, id=93352, stack(0x000000d2f4d00000,0x000000d2f4e00000)]
  0x000002487b094eb0 JavaThread "Finalizer" daemon [_thread_blocked, id=156736, stack(0x000000d2f4e00000,0x000000d2f4f00000)]
  0x000002487b0a69f0 JavaThread "Signal Dispatcher" daemon [_thread_blocked, id=137172, stack(0x000000d2f4f00000,0x000000d2f5000000)]
  0x000002487b0a83b0 JavaThread "Attach Listener" daemon [_thread_blocked, id=154620, stack(0x000000d2f5000000,0x000000d2f5100000)]
  0x000002487b0a8d60 JavaThread "Service Thread" daemon [_thread_blocked, id=148752, stack(0x000000d2f5100000,0x000000d2f5200000)]
  0x000002487b0a9710 JavaThread "Monitor Deflation Thread" daemon [_thread_blocked, id=155964, stack(0x000000d2f5200000,0x000000d2f5300000)]
  0x000002487b0aa4a0 JavaThread "C2 CompilerThread0" daemon [_thread_blocked, id=139904, stack(0x000000d2f5300000,0x000000d2f5400000)]
  0x000002487b0aaf40 JavaThread "C1 CompilerThread0" daemon [_thread_blocked, id=157012, stack(0x000000d2f5400000,0x000000d2f5500000)]
  0x0000024845157ff0 JavaThread "Sweeper thread" daemon [_thread_blocked, id=157004, stack(0x000000d2f5500000,0x000000d2f5600000)]
  0x00000248451f0b00 JavaThread "Common-Cleaner" daemon [_thread_blocked, id=156896, stack(0x000000d2f5600000,0x000000d2f5700000)]
  0x00000248452a3820 JavaThread "Notification Thread" daemon [_thread_blocked, id=134316, stack(0x000000d2f5700000,0x000000d2f5800000)]
  0x0000024846a25030 JavaThread "Daemon health stats" [_thread_blocked, id=157236, stack(0x000000d2f6100000,0x000000d2f6200000)]
  0x0000024846a25ea0 JavaThread "Incoming local TCP Connector on port 56402" [_thread_in_native, id=157188, stack(0x000000d2f5900000,0x000000d2f5a00000)]
  0x0000024846a276b0 JavaThread "Daemon periodic checks" [_thread_blocked, id=157184, stack(0x000000d2f6200000,0x000000d2f6300000)]
  0x0000024846a24b60 JavaThread "Daemon" [_thread_blocked, id=157140, stack(0x000000d2f6300000,0x000000d2f6400000)]
  0x0000024846a271e0 JavaThread "Handler for socket connection from /127.0.0.1:56402 to /127.0.0.1:56403" [_thread_in_native, id=157104, stack(0x000000d2f6400000,0x000000d2f6500000)]
  0x0000024846a26370 JavaThread "Cancel handler" [_thread_blocked, id=157144, stack(0x000000d2f6500000,0x000000d2f6600000)]
  0x0000024846a27b80 JavaThread "Daemon worker" [_thread_blocked, id=157128, stack(0x000000d2f6600000,0x000000d2f6700000)]
  0x0000024846a259d0 JavaThread "Asynchronous log dispatcher for DefaultDaemonConnection: socket connection from /127.0.0.1:56402 to /127.0.0.1:56403" [_thread_blocked, id=156944, stack(0x000000d2f6700000,0x000000d2f6800000)]
  0x0000024846a25500 JavaThread "Stdin handler" [_thread_blocked, id=157268, stack(0x000000d2f6800000,0x000000d2f6900000)]
  0x0000024846a26840 JavaThread "Daemon client event forwarder" [_thread_blocked, id=138792, stack(0x000000d2f6900000,0x000000d2f6a00000)]
  0x0000024846a26d10 JavaThread "Cache worker for journal cache (D:\Android\.gradle\caches\journal-1)" [_thread_blocked, id=157156, stack(0x000000d2f6a00000,0x000000d2f6b00000)]
  0x0000024846a241c0 JavaThread "File lock request listener" [_thread_in_native, id=157112, stack(0x000000d2f6b00000,0x000000d2f6c00000)]
  0x0000024846a24690 JavaThread "Cache worker for file hash cache (D:\Android\.gradle\caches\8.14.3\fileHashes)" [_thread_blocked, id=153060, stack(0x000000d2f6c00000,0x000000d2f6d00000)]
  0x000002484982ebc0 JavaThread "Cache worker for file hash cache (D:\Android\Projects\Ndugu\.gradle\8.14.3\fileHashes)" [_thread_blocked, id=153992, stack(0x000000d2f6e00000,0x000000d2f6f00000)]
  0x00000248498308a0 JavaThread "Cache worker for Build Output Cleanup Cache (D:\Android\Projects\Ndugu\.gradle\buildOutputCleanup)" [_thread_blocked, id=156928, stack(0x000000d2f6f00000,0x000000d2f7000000)]
  0x0000024849832f20 JavaThread "File watcher server" daemon [_thread_in_native, id=157436, stack(0x000000d2f7100000,0x000000d2f7200000)]
  0x0000024849831240 JavaThread "File watcher consumer" daemon [_thread_blocked, id=157376, stack(0x000000d2f7200000,0x000000d2f7300000)]
  0x000002484982f560 JavaThread "jar transforms" [_thread_blocked, id=157416, stack(0x000000d2f7300000,0x000000d2f7400000)]
  0x000002484982fa30 JavaThread "jar transforms Thread 2" [_thread_blocked, id=149824, stack(0x000000d2f7400000,0x000000d2f7500000)]
  0x000002484982dd50 JavaThread "jar transforms Thread 3" [_thread_blocked, id=150392, stack(0x000000d2f7500000,0x000000d2f7600000)]
  0x0000024849831be0 JavaThread "jar transforms Thread 4" [_thread_blocked, id=157536, stack(0x000000d2f7a00000,0x000000d2f7b00000)]
  0x00000248498320b0 JavaThread "jar transforms Thread 5" [_thread_blocked, id=157532, stack(0x000000d2f7900000,0x000000d2f7a00000)]
  0x0000024849830d70 JavaThread "Cache worker for checksums cache (D:\Android\Projects\Ndugu\.gradle\8.14.3\checksums)" [_thread_blocked, id=156976, stack(0x000000d2f7d00000,0x000000d2f7e00000)]
  0x0000024849832580 JavaThread "Cache worker for file content cache (D:\Android\.gradle\caches\8.14.3\fileContent)" [_thread_blocked, id=157232, stack(0x000000d2f7e00000,0x000000d2f7f00000)]
  0x00000248498303d0 JavaThread "jar transforms Thread 6" [_thread_blocked, id=157176, stack(0x000000d2f7f00000,0x000000d2f8000000)]
  0x000002484982c540 JavaThread "jar transforms Thread 7" [_thread_blocked, id=143964, stack(0x000000d2f7b00000,0x000000d2f7c00000)]
  0x000002484982e220 JavaThread "jar transforms Thread 8" [_thread_blocked, id=155052, stack(0x000000d2f7c00000,0x000000d2f7d00000)]
  0x000002484982ca10 JavaThread "Cache worker for cache directory md-supplier (D:\Android\.gradle\caches\8.14.3\md-supplier)" [_thread_blocked, id=155312, stack(0x000000d2f8000000,0x000000d2f8100000)]
  0x000002484982d3b0 JavaThread "Cache worker for cache directory md-rule (D:\Android\.gradle\caches\8.14.3\md-rule)" [_thread_blocked, id=155916, stack(0x000000d2f8100000,0x000000d2f8200000)]
  0x000002484982cee0 JavaThread "Unconstrained build operations" [_thread_blocked, id=157668, stack(0x000000d2f8200000,0x000000d2f8300000)]
  0x0000024847696030 JavaThread "Unconstrained build operations Thread 2" [_thread_blocked, id=153008, stack(0x000000d2f8300000,0x000000d2f8400000)]
  0x0000024847690990 JavaThread "Unconstrained build operations Thread 3" [_thread_blocked, id=157568, stack(0x000000d2f8400000,0x000000d2f8500000)]
  0x0000024847691cd0 JavaThread "Unconstrained build operations Thread 4" [_thread_blocked, id=155628, stack(0x000000d2f8700000,0x000000d2f8800000)]
  0x0000024847696500 JavaThread "Unconstrained build operations Thread 5" [_thread_blocked, id=156664, stack(0x000000d2f8a00000,0x000000d2f8b00000)]
  0x000002484768fff0 JavaThread "Unconstrained build operations Thread 6" [_thread_blocked, id=145008, stack(0x000000d2f8b00000,0x000000d2f8c00000)]
  0x00000248476939b0 JavaThread "Unconstrained build operations Thread 7" [_thread_blocked, id=152852, stack(0x000000d2f8c00000,0x000000d2f8d00000)]
  0x0000024847695b60 JavaThread "Unconstrained build operations Thread 8" [_thread_blocked, id=151616, stack(0x000000d2f8d00000,0x000000d2f8e00000)]
  0x0000024847690e60 JavaThread "Unconstrained build operations Thread 9" [_thread_blocked, id=154224, stack(0x000000d2f8e00000,0x000000d2f8f00000)]
  0x0000024847693010 JavaThread "Unconstrained build operations Thread 10" [_thread_blocked, id=140044, stack(0x000000d2f8f00000,0x000000d2f9000000)]
  0x0000024847691330 JavaThread "Unconstrained build operations Thread 11" [_thread_blocked, id=155704, stack(0x000000d2f9000000,0x000000d2f9100000)]
  0x0000024847691800 JavaThread "Unconstrained build operations Thread 12" [_thread_blocked, id=140152, stack(0x000000d2f9100000,0x000000d2f9200000)]
  0x00000248476921a0 JavaThread "Unconstrained build operations Thread 13" [_thread_blocked, id=155560, stack(0x000000d2f9200000,0x000000d2f9300000)]
  0x0000024847692b40 JavaThread "Unconstrained build operations Thread 14" [_thread_blocked, id=146452, stack(0x000000d2f9300000,0x000000d2f9400000)]
  0x0000024847692670 JavaThread "Unconstrained build operations Thread 15" [_thread_blocked, id=153268, stack(0x000000d2f9400000,0x000000d2f9500000)]
  0x00000248476934e0 JavaThread "Unconstrained build operations Thread 16" [_thread_blocked, id=147700, stack(0x000000d2f8600000,0x000000d2f8700000)]
  0x0000024847694350 JavaThread "Unconstrained build operations Thread 17" [_thread_blocked, id=156824, stack(0x000000d2f9500000,0x000000d2f9600000)]
  0x00000248476951c0 JavaThread "Unconstrained build operations Thread 18" [_thread_blocked, id=152288, stack(0x000000d2f9700000,0x000000d2f9800000)]
  0x0000024845792fd0 JavaThread "Unconstrained build operations Thread 19" [_thread_blocked, id=150616, stack(0x000000d2f9800000,0x000000d2f9900000)]
  0x000002484578f140 JavaThread "Unconstrained build operations Thread 20" [_thread_blocked, id=157068, stack(0x000000d2f9900000,0x000000d2f9a00000)]
  0x0000024845790e20 JavaThread "Unconstrained build operations Thread 21" [_thread_blocked, id=141376, stack(0x000000d2f9a00000,0x000000d2f9b00000)]
  0x000002484578ffb0 JavaThread "Unconstrained build operations Thread 22" [_thread_blocked, id=140020, stack(0x000000d2f9b00000,0x000000d2f9c00000)]
  0x000002484578e7a0 JavaThread "Unconstrained build operations Thread 23" [_thread_blocked, id=156832, stack(0x000000d2f9c00000,0x000000d2f9d00000)]
  0x000002484578e2d0 JavaThread "Unconstrained build operations Thread 24" [_thread_blocked, id=154000, stack(0x000000d2f9d00000,0x000000d2f9e00000)]
  0x000002484578f610 JavaThread "build event listener" [_thread_blocked, id=8504, stack(0x000000d2f9600000,0x000000d2f9700000)]
  0x0000024845790950 JavaThread "Memory manager" [_thread_blocked, id=155280, stack(0x000000d2f9f00000,0x000000d2fa000000)]
  0x0000024845792160 JavaThread "Problems report writer" [_thread_blocked, id=155748, stack(0x000000d2f4400000,0x000000d2f4500000)]
  0x0000024847542160 JavaThread "Unconstrained build operations Thread 25" [_thread_blocked, id=140272, stack(0x000000d2f8500000,0x000000d2f8600000)]
  0x0000024847542630 JavaThread "Unconstrained build operations Thread 26" [_thread_blocked, id=154736, stack(0x000000d2f8800000,0x000000d2f8900000)]
  0x0000024847544310 JavaThread "Unconstrained build operations Thread 27" [_thread_blocked, id=141280, stack(0x000000d2f8900000,0x000000d2f8a00000)]
  0x0000024847542b00 JavaThread "Unconstrained build operations Thread 28" [_thread_blocked, id=153776, stack(0x000000d2f9e00000,0x000000d2f9f00000)]
  0x000002484753fae0 JavaThread "Unconstrained build operations Thread 29" [_thread_blocked, id=156548, stack(0x000000d2fa000000,0x000000d2fa100000)]
  0x00000248475447e0 JavaThread "Unconstrained build operations Thread 30" [_thread_blocked, id=150160, stack(0x000000d2fa100000,0x000000d2fa200000)]
  0x000002484753ffb0 JavaThread "Unconstrained build operations Thread 31" [_thread_blocked, id=154784, stack(0x000000d2fa200000,0x000000d2fa300000)]
  0x0000024847540e20 JavaThread "Unconstrained build operations Thread 32" [_thread_blocked, id=156848, stack(0x000000d2fa300000,0x000000d2fa400000)]
  0x000002484753d460 JavaThread "Unconstrained build operations Thread 33" [_thread_blocked, id=11096, stack(0x000000d2fa400000,0x000000d2fa500000)]
  0x000002484753e7a0 JavaThread "Unconstrained build operations Thread 34" [_thread_blocked, id=157400, stack(0x000000d2fa500000,0x000000d2fa600000)]
  0x00000248457912f0 JavaThread "Unconstrained build operations Thread 35" [_thread_blocked, id=157404, stack(0x000000d2fa600000,0x000000d2fa700000)]
  0x0000024847694cf0 JavaThread "Unconstrained build operations Thread 36" [_thread_blocked, id=155228, stack(0x000000d2fa700000,0x000000d2fa800000)]
  0x000002484c490540 JavaThread "Unconstrained build operations Thread 37" [_thread_blocked, id=157048, stack(0x000000d2fa800000,0x000000d2fa900000)]
  0x000002484c48e860 JavaThread "Unconstrained build operations Thread 38" [_thread_blocked, id=155564, stack(0x000000d2fa900000,0x000000d2faa00000)]
  0x000002484c493f00 JavaThread "Unconstrained build operations Thread 39" [_thread_blocked, id=156784, stack(0x000000d2faa00000,0x000000d2fab00000)]
  0x000002484c490070 JavaThread "included builds" [_thread_blocked, id=150372, stack(0x000000d2f4500000,0x000000d2f4600000)]
  0x000002484c48ed30 JavaThread "Execution worker" [_thread_blocked, id=154168, stack(0x000000d2fab00000,0x000000d2fac00000)]
  0x000002484c490a10 JavaThread "Execution worker Thread 2" [_thread_blocked, id=150748, stack(0x000000d2fac00000,0x000000d2fad00000)]
  0x000002484c48e390 JavaThread "Execution worker Thread 3" [_thread_blocked, id=148932, stack(0x000000d2fad00000,0x000000d2fae00000)]
  0x000002484c491d50 JavaThread "Execution worker Thread 4" [_thread_blocked, id=154436, stack(0x000000d2fae00000,0x000000d2faf00000)]
  0x000002484c493a30 JavaThread "Execution worker Thread 5" [_thread_blocked, id=155420, stack(0x000000d2faf00000,0x000000d2fb000000)]
  0x000002484c492bc0 JavaThread "Execution worker Thread 6" [_thread_blocked, id=157308, stack(0x000000d2fb000000,0x000000d2fb100000)]
  0x000002484c492220 JavaThread "Execution worker Thread 7" [_thread_blocked, id=157528, stack(0x000000d2fb100000,0x000000d2fb200000)]
  0x000002484c48dec0 JavaThread "Cache worker for execution history cache (D:\Android\Projects\Ndugu\.gradle\8.14.3\executionHistory)" [_thread_blocked, id=156280, stack(0x000000d2fb300000,0x000000d2fb400000)]

Other Threads:
=>0x000002487b08b870 VMThread "VM Thread" [stack: 0x000000d2f4c00000,0x000000d2f4d00000] [id=150908]
  0x00000248452a54b0 WatcherThread [stack: 0x000000d2f5800000,0x000000d2f5900000] [id=154672]
  0x0000024858264a50 GCTaskThread "GC Thread#0" [stack: 0x000000d2f4700000,0x000000d2f4800000] [id=151364]
  0x00000248455ccf40 GCTaskThread "GC Thread#1" [stack: 0x000000d2f5b00000,0x000000d2f5c00000] [id=157124]
  0x00000248453aa420 GCTaskThread "GC Thread#2" [stack: 0x000000d2f5c00000,0x000000d2f5d00000] [id=156984]
  0x00000248454decb0 GCTaskThread "GC Thread#3" [stack: 0x000000d2f5d00000,0x000000d2f5e00000] [id=156992]
  0x00000248454def70 GCTaskThread "GC Thread#4" [stack: 0x000000d2f5e00000,0x000000d2f5f00000] [id=157024]
  0x0000024846fc55c0 GCTaskThread "GC Thread#5" [stack: 0x000000d2f5a00000,0x000000d2f5b00000] [id=149616]
  0x0000024846e443d0 GCTaskThread "GC Thread#6" [stack: 0x000000d2f5f00000,0x000000d2f6000000] [id=157108]
  0x0000024846fae5f0 GCTaskThread "GC Thread#7" [stack: 0x000000d2f6000000,0x000000d2f6100000] [id=153864]
  0x000002485602df70 ConcurrentGCThread "G1 Main Marker" [stack: 0x000000d2f4800000,0x000000d2f4900000] [id=106328]
  0x000002485602e980 ConcurrentGCThread "G1 Conc#0" [stack: 0x000000d2f4900000,0x000000d2f4a00000] [id=156900]
  0x0000024848e9f270 ConcurrentGCThread "G1 Conc#1" [stack: 0x000000d2f6d00000,0x000000d2f6e00000] [id=156792]
  0x000002487af53500 ConcurrentGCThread "G1 Refine#0" [stack: 0x000000d2f4a00000,0x000000d2f4b00000] [id=153916]
  0x0000024846461060 ConcurrentGCThread "G1 Refine#1" [stack: 0x000000d2f7000000,0x000000d2f7100000] [id=157544]
  0x0000024846461350 ConcurrentGCThread "G1 Refine#2" [stack: 0x000000d2f7600000,0x000000d2f7700000] [id=157552]
  0x0000024846461930 ConcurrentGCThread "G1 Refine#3" [stack: 0x000000d2f7700000,0x000000d2f7800000] [id=157556]
  0x000002484989d190 ConcurrentGCThread "G1 Refine#4" [stack: 0x000000d2f7800000,0x000000d2f7900000] [id=157560]
  0x000002487af53f30 ConcurrentGCThread "G1 Service" [stack: 0x000000d2f4b00000,0x000000d2f4c00000] [id=132136]

Threads with active compile tasks:
C2 CompilerThread0   183182 20654   !   4       org.gradle.api.internal.provider.FlatMapProvider::calculateOwnValue (97 bytes)

VM state: at safepoint (normal execution)

VM Mutex/Monitor currently owned by a thread:  ([mutex/lock_event])
[0x00000248581f21e0] Threads_lock - owner thread: 0x000002487b08b870
[0x00000248581f28a0] Heap_lock - owner thread: 0x0000024846a26840

Heap address: 0x0000000700000000, size: 4096 MB, Compressed Oops mode: Zero based, Oop shift amount: 3

CDS archive(s) mapped at: [0x0000024800000000-0x0000024800bd0000-0x0000024800bd0000), size 12386304, SharedBaseAddress: 0x0000024800000000, ArchiveRelocationMode: 1.
Compressed class space mapped at: 0x0000024801000000-0x0000024841000000, reserved size: 1073741824
Narrow klass base: 0x0000024800000000, Narrow klass shift: 0, Narrow klass range: 0x100000000

GC Precious Log:
 CPUs: 8 total, 8 available
 Memory: 15293M
 Large Page Support: Disabled
 NUMA Support: Disabled
 Compressed Oops: Enabled (Zero based)
 Heap Region Size: 2M
 Heap Min Capacity: 8M
 Heap Initial Capacity: 240M
 Heap Max Capacity: 4G
 Pre-touch: Disabled
 Parallel Workers: 8
 Concurrent Workers: 2
 Concurrent Refinement Workers: 8
 Periodic GC: Disabled

Heap:
 garbage-first heap   total 628736K, used 342016K [0x0000000700000000, 0x0000000800000000)
  region size 2048K, 2 young (4096K), 2 survivors (4096K)
 Metaspace       used 119940K, committed 121728K, reserved 1179648K
  class space    used 16706K, committed 17536K, reserved 1048576K

Heap Regions: E=young(eden), S=young(survivor), O=old, HS=humongous(starts), HC=humongous(continues), CS=collection set, F=free, OA=open archive, CA=closed archive, TAMS=top-at-mark-start (previous, next)
|   0|0x0000000700000000, 0x0000000700200000, 0x0000000700200000|100%|HS|  |TAMS 0x0000000700200000, 0x0000000700000000| Complete 
|   1|0x0000000700200000, 0x0000000700400000, 0x0000000700400000|100%|HC|  |TAMS 0x0000000700400000, 0x0000000700200000| Complete 
|   2|0x0000000700400000, 0x0000000700600000, 0x0000000700600000|100%| O|  |TAMS 0x0000000700600000, 0x0000000700400000| Untracked 
|   3|0x0000000700600000, 0x0000000700800000, 0x0000000700800000|100%| O|  |TAMS 0x0000000700800000, 0x0000000700600000| Untracked 
|   4|0x0000000700800000, 0x0000000700a00000, 0x0000000700a00000|100%| O|  |TAMS 0x0000000700a00000, 0x0000000700800000| Untracked 
|   5|0x0000000700a00000, 0x0000000700c00000, 0x0000000700c00000|100%| O|  |TAMS 0x0000000700c00000, 0x0000000700a00000| Untracked 
|   6|0x0000000700c00000, 0x0000000700e00000, 0x0000000700e00000|100%| O|  |TAMS 0x0000000700e00000, 0x0000000700c00000| Untracked 
|   7|0x0000000700e00000, 0x0000000701000000, 0x0000000701000000|100%| O|  |TAMS 0x0000000701000000, 0x0000000700e00000| Untracked 
|   8|0x0000000701000000, 0x0000000701200000, 0x0000000701200000|100%| O|  |TAMS 0x0000000701200000, 0x0000000701000000| Untracked 
|   9|0x0000000701200000, 0x0000000701400000, 0x0000000701400000|100%| O|  |TAMS 0x0000000701400000, 0x0000000701200000| Untracked 
|  10|0x0000000701400000, 0x0000000701600000, 0x0000000701600000|100%| O|  |TAMS 0x0000000701600000, 0x0000000701400000| Untracked 
|  11|0x0000000701600000, 0x0000000701800000, 0x0000000701800000|100%| O|  |TAMS 0x0000000701800000, 0x0000000701600000| Untracked 
|  12|0x0000000701800000, 0x0000000701a00000, 0x0000000701a00000|100%| O|  |TAMS 0x0000000701a00000, 0x0000000701800000| Untracked 
|  13|0x0000000701a00000, 0x0000000701c00000, 0x0000000701c00000|100%| O|  |TAMS 0x0000000701c00000, 0x0000000701a00000| Untracked 
|  14|0x0000000701c00000, 0x0000000701e00000, 0x0000000701e00000|100%| O|  |TAMS 0x0000000701e00000, 0x0000000701c00000| Untracked 
|  15|0x0000000701e00000, 0x0000000702000000, 0x0000000702000000|100%| O|  |TAMS 0x0000000702000000, 0x0000000701e00000| Untracked 
|  16|0x0000000702000000, 0x0000000702200000, 0x0000000702200000|100%| O|  |TAMS 0x0000000702200000, 0x0000000702000000| Untracked 
|  17|0x0000000702200000, 0x0000000702400000, 0x0000000702400000|100%| O|  |TAMS 0x0000000702400000, 0x0000000702200000| Untracked 
|  18|0x0000000702400000, 0x0000000702600000, 0x0000000702600000|100%| O|  |TAMS 0x0000000702600000, 0x0000000702400000| Untracked 
|  19|0x0000000702600000, 0x0000000702800000, 0x0000000702800000|100%| O|  |TAMS 0x0000000702800000, 0x0000000702600000| Untracked 
|  20|0x0000000702800000, 0x0000000702a00000, 0x0000000702a00000|100%| O|  |TAMS 0x0000000702a00000, 0x0000000702800000| Untracked 
|  21|0x0000000702a00000, 0x0000000702c00000, 0x0000000702c00000|100%| O|  |TAMS 0x0000000702c00000, 0x0000000702a00000| Untracked 
|  22|0x0000000702c00000, 0x0000000702e00000, 0x0000000702e00000|100%| O|  |TAMS 0x0000000702e00000, 0x0000000702c00000| Untracked 
|  23|0x0000000702e00000, 0x0000000703000000, 0x0000000703000000|100%| O|  |TAMS 0x0000000703000000, 0x0000000702e00000| Untracked 
|  24|0x0000000703000000, 0x0000000703200000, 0x0000000703200000|100%| O|  |TAMS 0x0000000703200000, 0x0000000703000000| Untracked 
|  25|0x0000000703200000, 0x0000000703400000, 0x0000000703400000|100%| O|  |TAMS 0x0000000703400000, 0x0000000703200000| Untracked 
|  26|0x0000000703400000, 0x0000000703600000, 0x0000000703600000|100%|HS|  |TAMS 0x0000000703600000, 0x0000000703400000| Complete 
|  27|0x0000000703600000, 0x0000000703800000, 0x0000000703800000|100%|HS|  |TAMS 0x0000000703800000, 0x0000000703600000| Complete 
|  28|0x0000000703800000, 0x0000000703a00000, 0x0000000703a00000|100%| O|  |TAMS 0x0000000703a00000, 0x0000000703800000| Untracked 
|  29|0x0000000703a00000, 0x0000000703c00000, 0x0000000703c00000|100%| O|  |TAMS 0x0000000703c00000, 0x0000000703a00000| Untracked 
|  30|0x0000000703c00000, 0x0000000703e00000, 0x0000000703e00000|100%| O|  |TAMS 0x0000000703e00000, 0x0000000703c00000| Untracked 
|  31|0x0000000703e00000, 0x0000000704000000, 0x0000000704000000|100%| O|  |TAMS 0x0000000704000000, 0x0000000703e00000| Untracked 
|  32|0x0000000704000000, 0x0000000704200000, 0x0000000704200000|100%| O|  |TAMS 0x0000000704200000, 0x0000000704000000| Untracked 
|  33|0x0000000704200000, 0x0000000704400000, 0x0000000704400000|100%| O|  |TAMS 0x0000000704400000, 0x0000000704200000| Untracked 
|  34|0x0000000704400000, 0x0000000704600000, 0x0000000704600000|100%| O|  |TAMS 0x0000000704600000, 0x0000000704400000| Untracked 
|  35|0x0000000704600000, 0x0000000704800000, 0x0000000704800000|100%| O|  |TAMS 0x0000000704800000, 0x0000000704600000| Untracked 
|  36|0x0000000704800000, 0x0000000704a00000, 0x0000000704a00000|100%| O|  |TAMS 0x0000000704a00000, 0x0000000704800000| Untracked 
|  37|0x0000000704a00000, 0x0000000704c00000, 0x0000000704c00000|100%| O|  |TAMS 0x0000000704c00000, 0x0000000704a00000| Untracked 
|  38|0x0000000704c00000, 0x0000000704e00000, 0x0000000704e00000|100%| O|  |TAMS 0x0000000704e00000, 0x0000000704c00000| Untracked 
|  39|0x0000000704e00000, 0x0000000705000000, 0x0000000705000000|100%| O|  |TAMS 0x0000000705000000, 0x0000000704e00000| Untracked 
|  40|0x0000000705000000, 0x0000000705200000, 0x0000000705200000|100%| O|  |TAMS 0x0000000705200000, 0x0000000705000000| Untracked 
|  41|0x0000000705200000, 0x0000000705400000, 0x0000000705400000|100%| O|  |TAMS 0x0000000705400000, 0x0000000705200000| Untracked 
|  42|0x0000000705400000, 0x0000000705600000, 0x0000000705600000|100%| O|  |TAMS 0x0000000705600000, 0x0000000705400000| Untracked 
|  43|0x0000000705600000, 0x0000000705800000, 0x0000000705800000|100%| O|  |TAMS 0x0000000705800000, 0x0000000705600000| Untracked 
|  44|0x0000000705800000, 0x0000000705a00000, 0x0000000705a00000|100%| O|  |TAMS 0x0000000705a00000, 0x0000000705800000| Untracked 
|  45|0x0000000705a00000, 0x0000000705c00000, 0x0000000705c00000|100%| O|  |TAMS 0x0000000705c00000, 0x0000000705a00000| Untracked 
|  46|0x0000000705c00000, 0x0000000705e00000, 0x0000000705e00000|100%| O|  |TAMS 0x0000000705e00000, 0x0000000705c00000| Untracked 
|  47|0x0000000705e00000, 0x0000000706000000, 0x0000000706000000|100%| O|  |TAMS 0x0000000706000000, 0x0000000705e00000| Untracked 
|  48|0x0000000706000000, 0x0000000706200000, 0x0000000706200000|100%| O|  |TAMS 0x0000000706200000, 0x0000000706000000| Untracked 
|  49|0x0000000706200000, 0x0000000706400000, 0x0000000706400000|100%| O|  |TAMS 0x0000000706400000, 0x0000000706200000| Untracked 
|  50|0x0000000706400000, 0x0000000706600000, 0x0000000706600000|100%| O|  |TAMS 0x0000000706600000, 0x0000000706400000| Untracked 
|  51|0x0000000706600000, 0x0000000706800000, 0x0000000706800000|100%| O|  |TAMS 0x0000000706800000, 0x0000000706600000| Untracked 
|  52|0x0000000706800000, 0x0000000706a00000, 0x0000000706a00000|100%| O|  |TAMS 0x0000000706a00000, 0x0000000706800000| Untracked 
|  53|0x0000000706a00000, 0x0000000706c00000, 0x0000000706c00000|100%| O|  |TAMS 0x0000000706c00000, 0x0000000706a00000| Untracked 
|  54|0x0000000706c00000, 0x0000000706e00000, 0x0000000706e00000|100%| O|  |TAMS 0x0000000706e00000, 0x0000000706c00000| Untracked 
|  55|0x0000000706e00000, 0x0000000707000000, 0x0000000707000000|100%| O|  |TAMS 0x0000000707000000, 0x0000000706e00000| Untracked 
|  56|0x0000000707000000, 0x0000000707200000, 0x0000000707200000|100%| O|  |TAMS 0x0000000707200000, 0x0000000707000000| Untracked 
|  57|0x0000000707200000, 0x0000000707400000, 0x0000000707400000|100%| O|  |TAMS 0x0000000707400000, 0x0000000707200000| Untracked 
|  58|0x0000000707400000, 0x0000000707600000, 0x0000000707600000|100%| O|  |TAMS 0x0000000707600000, 0x0000000707400000| Untracked 
|  59|0x0000000707600000, 0x0000000707800000, 0x0000000707800000|100%| O|  |TAMS 0x0000000707800000, 0x0000000707600000| Untracked 
|  60|0x0000000707800000, 0x0000000707a00000, 0x0000000707a00000|100%| O|  |TAMS 0x0000000707a00000, 0x0000000707800000| Untracked 
|  61|0x0000000707a00000, 0x0000000707c00000, 0x0000000707c00000|100%| O|  |TAMS 0x0000000707c00000, 0x0000000707a00000| Untracked 
|  62|0x0000000707c00000, 0x0000000707e00000, 0x0000000707e00000|100%| O|  |TAMS 0x0000000707e00000, 0x0000000707c00000| Untracked 
|  63|0x0000000707e00000, 0x0000000708000000, 0x0000000708000000|100%| O|  |TAMS 0x0000000708000000, 0x0000000707e00000| Untracked 
|  64|0x0000000708000000, 0x0000000708200000, 0x0000000708200000|100%| O|  |TAMS 0x0000000708200000, 0x0000000708000000| Untracked 
|  65|0x0000000708200000, 0x0000000708400000, 0x0000000708400000|100%| O|  |TAMS 0x0000000708400000, 0x0000000708200000| Untracked 
|  66|0x0000000708400000, 0x0000000708600000, 0x0000000708600000|100%| O|  |TAMS 0x0000000708600000, 0x0000000708400000| Untracked 
|  67|0x0000000708600000, 0x0000000708800000, 0x0000000708800000|100%| O|  |TAMS 0x0000000708800000, 0x0000000708600000| Untracked 
|  68|0x0000000708800000, 0x0000000708a00000, 0x0000000708a00000|100%| O|  |TAMS 0x0000000708a00000, 0x0000000708800000| Untracked 
|  69|0x0000000708a00000, 0x0000000708c00000, 0x0000000708c00000|100%| O|  |TAMS 0x0000000708c00000, 0x0000000708a00000| Untracked 
|  70|0x0000000708c00000, 0x0000000708e00000, 0x0000000708e00000|100%| O|  |TAMS 0x0000000708e00000, 0x0000000708c00000| Untracked 
|  71|0x0000000708e00000, 0x0000000709000000, 0x0000000709000000|100%| O|  |TAMS 0x0000000709000000, 0x0000000708e00000| Untracked 
|  72|0x0000000709000000, 0x0000000709200000, 0x0000000709200000|100%| O|  |TAMS 0x0000000709200000, 0x0000000709000000| Untracked 
|  73|0x0000000709200000, 0x0000000709400000, 0x0000000709400000|100%| O|  |TAMS 0x0000000709400000, 0x0000000709200000| Untracked 
|  74|0x0000000709400000, 0x0000000709600000, 0x0000000709600000|100%| O|  |TAMS 0x0000000709600000, 0x0000000709400000| Untracked 
|  75|0x0000000709600000, 0x0000000709800000, 0x0000000709800000|100%| O|  |TAMS 0x0000000709800000, 0x0000000709600000| Untracked 
|  76|0x0000000709800000, 0x0000000709a00000, 0x0000000709a00000|100%| O|  |TAMS 0x0000000709a00000, 0x0000000709800000| Untracked 
|  77|0x0000000709a00000, 0x0000000709c00000, 0x0000000709c00000|100%| O|  |TAMS 0x0000000709c00000, 0x0000000709a00000| Untracked 
|  78|0x0000000709c00000, 0x0000000709e00000, 0x0000000709e00000|100%| O|  |TAMS 0x0000000709e00000, 0x0000000709c00000| Untracked 
|  79|0x0000000709e00000, 0x000000070a000000, 0x000000070a000000|100%| O|  |TAMS 0x000000070a000000, 0x0000000709e00000| Untracked 
|  80|0x000000070a000000, 0x000000070a200000, 0x000000070a200000|100%| O|  |TAMS 0x000000070a200000, 0x000000070a000000| Untracked 
|  81|0x000000070a200000, 0x000000070a400000, 0x000000070a400000|100%| O|  |TAMS 0x000000070a400000, 0x000000070a200000| Untracked 
|  82|0x000000070a400000, 0x000000070a600000, 0x000000070a600000|100%| O|  |TAMS 0x000000070a600000, 0x000000070a400000| Untracked 
|  83|0x000000070a600000, 0x000000070a800000, 0x000000070a800000|100%| O|  |TAMS 0x000000070a800000, 0x000000070a600000| Untracked 
|  84|0x000000070a800000, 0x000000070aa00000, 0x000000070aa00000|100%| O|  |TAMS 0x000000070aa00000, 0x000000070a800000| Untracked 
|  85|0x000000070aa00000, 0x000000070ac00000, 0x000000070ac00000|100%| O|  |TAMS 0x000000070ac00000, 0x000000070aa00000| Untracked 
|  86|0x000000070ac00000, 0x000000070ae00000, 0x000000070ae00000|100%| O|  |TAMS 0x000000070ae00000, 0x000000070ac00000| Untracked 
|  87|0x000000070ae00000, 0x000000070b000000, 0x000000070b000000|100%| O|  |TAMS 0x000000070b000000, 0x000000070ae00000| Untracked 
|  88|0x000000070b000000, 0x000000070b200000, 0x000000070b200000|100%| O|  |TAMS 0x000000070b200000, 0x000000070b000000| Untracked 
|  89|0x000000070b200000, 0x000000070b400000, 0x000000070b400000|100%| O|  |TAMS 0x000000070b400000, 0x000000070b200000| Untracked 
|  90|0x000000070b400000, 0x000000070b600000, 0x000000070b600000|100%| O|  |TAMS 0x000000070b600000, 0x000000070b400000| Untracked 
|  91|0x000000070b600000, 0x000000070b800000, 0x000000070b800000|100%| O|  |TAMS 0x000000070b800000, 0x000000070b600000| Untracked 
|  92|0x000000070b800000, 0x000000070ba00000, 0x000000070ba00000|100%| O|  |TAMS 0x000000070ba00000, 0x000000070b800000| Untracked 
|  93|0x000000070ba00000, 0x000000070bc00000, 0x000000070bc00000|100%| O|  |TAMS 0x000000070bc00000, 0x000000070ba00000| Untracked 
|  94|0x000000070bc00000, 0x000000070be00000, 0x000000070be00000|100%| O|  |TAMS 0x000000070be00000, 0x000000070bc00000| Untracked 
|  95|0x000000070be00000, 0x000000070c000000, 0x000000070c000000|100%| O|  |TAMS 0x000000070c000000, 0x000000070be00000| Untracked 
|  96|0x000000070c000000, 0x000000070c200000, 0x000000070c200000|100%| O|  |TAMS 0x000000070c200000, 0x000000070c000000| Untracked 
|  97|0x000000070c200000, 0x000000070c400000, 0x000000070c400000|100%| O|  |TAMS 0x000000070c400000, 0x000000070c200000| Untracked 
|  98|0x000000070c400000, 0x000000070c600000, 0x000000070c600000|100%| O|  |TAMS 0x000000070c600000, 0x000000070c400000| Untracked 
|  99|0x000000070c600000, 0x000000070c800000, 0x000000070c800000|100%| O|  |TAMS 0x000000070c800000, 0x000000070c600000| Untracked 
| 100|0x000000070c800000, 0x000000070ca00000, 0x000000070ca00000|100%| O|  |TAMS 0x000000070ca00000, 0x000000070c800000| Untracked 
| 101|0x000000070ca00000, 0x000000070cc00000, 0x000000070cc00000|100%| O|  |TAMS 0x000000070cc00000, 0x000000070ca00000| Untracked 
| 102|0x000000070cc00000, 0x000000070ce00000, 0x000000070ce00000|100%| O|  |TAMS 0x000000070ce00000, 0x000000070cc00000| Untracked 
| 103|0x000000070ce00000, 0x000000070d000000, 0x000000070d000000|100%| O|  |TAMS 0x000000070d000000, 0x000000070ce00000| Untracked 
| 104|0x000000070d000000, 0x000000070d200000, 0x000000070d200000|100%| O|  |TAMS 0x000000070d200000, 0x000000070d000000| Untracked 
| 105|0x000000070d200000, 0x000000070d400000, 0x000000070d400000|100%| O|  |TAMS 0x000000070d400000, 0x000000070d200000| Untracked 
| 106|0x000000070d400000, 0x000000070d600000, 0x000000070d600000|100%| O|  |TAMS 0x000000070d600000, 0x000000070d400000| Untracked 
| 107|0x000000070d600000, 0x000000070d800000, 0x000000070d800000|100%| O|  |TAMS 0x000000070d800000, 0x000000070d600000| Untracked 
| 108|0x000000070d800000, 0x000000070d800000, 0x000000070da00000|  0%| F|  |TAMS 0x000000070d800000, 0x000000070d800000| Untracked 
| 109|0x000000070da00000, 0x000000070dc00000, 0x000000070dc00000|100%| O|  |TAMS 0x000000070dc00000, 0x000000070da00000| Untracked 
| 110|0x000000070dc00000, 0x000000070de00000, 0x000000070de00000|100%| O|  |TAMS 0x000000070de00000, 0x000000070dc00000| Untracked 
| 111|0x000000070de00000, 0x000000070e000000, 0x000000070e000000|100%| O|  |TAMS 0x000000070e000000, 0x000000070de00000| Untracked 
| 112|0x000000070e000000, 0x000000070e200000, 0x000000070e200000|100%| O|  |TAMS 0x000000070e200000, 0x000000070e000000| Untracked 
| 113|0x000000070e200000, 0x000000070e400000, 0x000000070e400000|100%| O|  |TAMS 0x000000070e400000, 0x000000070e200000| Untracked 
| 114|0x000000070e400000, 0x000000070e600000, 0x000000070e600000|100%| O|  |TAMS 0x000000070e600000, 0x000000070e400000| Untracked 
| 115|0x000000070e600000, 0x000000070e800000, 0x000000070e800000|100%| O|  |TAMS 0x000000070e800000, 0x000000070e600000| Untracked 
| 116|0x000000070e800000, 0x000000070ea00000, 0x000000070ea00000|100%| O|  |TAMS 0x000000070ea00000, 0x000000070e800000| Untracked 
| 117|0x000000070ea00000, 0x000000070ec00000, 0x000000070ec00000|100%| O|  |TAMS 0x000000070ec00000, 0x000000070ea00000| Untracked 
| 118|0x000000070ec00000, 0x000000070ee00000, 0x000000070ee00000|100%| O|  |TAMS 0x000000070ee00000, 0x000000070ec00000| Untracked 
| 119|0x000000070ee00000, 0x000000070f000000, 0x000000070f000000|100%| O|  |TAMS 0x000000070f000000, 0x000000070ee00000| Untracked 
| 120|0x000000070f000000, 0x000000070f200000, 0x000000070f200000|100%| O|  |TAMS 0x000000070f200000, 0x000000070f000000| Untracked 
| 121|0x000000070f200000, 0x000000070f400000, 0x000000070f400000|100%| O|  |TAMS 0x000000070f400000, 0x000000070f200000| Untracked 
| 122|0x000000070f400000, 0x000000070f400000, 0x000000070f600000|  0%| F|  |TAMS 0x000000070f400000, 0x000000070f400000| Untracked 
| 123|0x000000070f600000, 0x000000070f800000, 0x000000070f800000|100%| O|  |TAMS 0x000000070f800000, 0x000000070f600000| Untracked 
| 124|0x000000070f800000, 0x000000070fa00000, 0x000000070fa00000|100%| O|  |TAMS 0x000000070fa00000, 0x000000070f800000| Untracked 
| 125|0x000000070fa00000, 0x000000070fc00000, 0x000000070fc00000|100%| O|  |TAMS 0x000000070fc00000, 0x000000070fa00000| Untracked 
| 126|0x000000070fc00000, 0x000000070fe00000, 0x000000070fe00000|100%| O|  |TAMS 0x000000070fe00000, 0x000000070fc00000| Untracked 
| 127|0x000000070fe00000, 0x000000070fe00000, 0x0000000710000000|  0%| F|  |TAMS 0x000000070fe00000, 0x000000070fe00000| Untracked 
| 128|0x0000000710000000, 0x0000000710000000, 0x0000000710200000|  0%| F|  |TAMS 0x0000000710000000, 0x0000000710000000| Untracked 
| 129|0x0000000710200000, 0x0000000710400000, 0x0000000710400000|100%| O|  |TAMS 0x0000000710400000, 0x0000000710200000| Untracked 
| 130|0x0000000710400000, 0x0000000710600000, 0x0000000710600000|100%| O|  |TAMS 0x000000071041f200, 0x0000000710400000| Untracked 
| 131|0x0000000710600000, 0x0000000710800000, 0x0000000710800000|100%| O|  |TAMS 0x0000000710600000, 0x0000000710600000| Untracked 
| 132|0x0000000710800000, 0x0000000710a00000, 0x0000000710a00000|100%| O|  |TAMS 0x0000000710800000, 0x0000000710800000| Untracked 
| 133|0x0000000710a00000, 0x0000000710c00000, 0x0000000710c00000|100%| O|  |TAMS 0x0000000710a00000, 0x0000000710a00000| Untracked 
| 134|0x0000000710c00000, 0x0000000710e00000, 0x0000000710e00000|100%| O|  |TAMS 0x0000000710c00000, 0x0000000710c00000| Untracked 
| 135|0x0000000710e00000, 0x0000000711000000, 0x0000000711000000|100%| O|  |TAMS 0x0000000710e00000, 0x0000000710e00000| Untracked 
| 136|0x0000000711000000, 0x0000000711200000, 0x0000000711200000|100%| O|  |TAMS 0x0000000711000000, 0x0000000711000000| Untracked 
| 137|0x0000000711200000, 0x0000000711400000, 0x0000000711400000|100%| O|  |TAMS 0x0000000711200000, 0x0000000711200000| Untracked 
| 138|0x0000000711400000, 0x0000000711600000, 0x0000000711600000|100%| O|  |TAMS 0x0000000711400000, 0x0000000711400000| Untracked 
| 139|0x0000000711600000, 0x0000000711800000, 0x0000000711800000|100%| O|  |TAMS 0x0000000711600000, 0x0000000711600000| Untracked 
| 140|0x0000000711800000, 0x0000000711a00000, 0x0000000711a00000|100%| O|  |TAMS 0x0000000711800000, 0x0000000711800000| Untracked 
| 141|0x0000000711a00000, 0x0000000711c00000, 0x0000000711c00000|100%| O|  |TAMS 0x0000000711a00000, 0x0000000711a00000| Untracked 
| 142|0x0000000711c00000, 0x0000000711e00000, 0x0000000711e00000|100%| O|  |TAMS 0x0000000711c00000, 0x0000000711c00000| Untracked 
| 143|0x0000000711e00000, 0x0000000712000000, 0x0000000712000000|100%| O|  |TAMS 0x0000000711e00000, 0x0000000711e00000| Untracked 
| 144|0x0000000712000000, 0x0000000712200000, 0x0000000712200000|100%| O|  |TAMS 0x0000000712000000, 0x0000000712000000| Untracked 
| 145|0x0000000712200000, 0x0000000712400000, 0x0000000712400000|100%| O|  |TAMS 0x0000000712200000, 0x0000000712200000| Untracked 
| 146|0x0000000712400000, 0x0000000712600000, 0x0000000712600000|100%| O|  |TAMS 0x0000000712400000, 0x0000000712400000| Untracked 
| 147|0x0000000712600000, 0x0000000712800000, 0x0000000712800000|100%| O|  |TAMS 0x0000000712600000, 0x0000000712600000| Untracked 
| 148|0x0000000712800000, 0x0000000712a00000, 0x0000000712a00000|100%| O|  |TAMS 0x0000000712800000, 0x0000000712800000| Untracked 
| 149|0x0000000712a00000, 0x0000000712c00000, 0x0000000712c00000|100%| O|  |TAMS 0x0000000712a00000, 0x0000000712a00000| Untracked 
| 150|0x0000000712c00000, 0x0000000712e00000, 0x0000000712e00000|100%| O|  |TAMS 0x0000000712c00000, 0x0000000712c00000| Untracked 
| 151|0x0000000712e00000, 0x0000000713000000, 0x0000000713000000|100%| O|  |TAMS 0x0000000712e00000, 0x0000000712e00000| Untracked 
| 152|0x0000000713000000, 0x0000000713200000, 0x0000000713200000|100%| O|  |TAMS 0x0000000713000000, 0x0000000713000000| Untracked 
| 153|0x0000000713200000, 0x0000000713400000, 0x0000000713400000|100%| O|  |TAMS 0x0000000713200000, 0x0000000713200000| Untracked 
| 154|0x0000000713400000, 0x0000000713600000, 0x0000000713600000|100%| O|  |TAMS 0x0000000713400000, 0x0000000713400000| Untracked 
| 155|0x0000000713600000, 0x0000000713800000, 0x0000000713800000|100%| O|  |TAMS 0x0000000713600000, 0x0000000713600000| Untracked 
| 156|0x0000000713800000, 0x0000000713a00000, 0x0000000713a00000|100%| O|  |TAMS 0x0000000713800000, 0x0000000713800000| Untracked 
| 157|0x0000000713a00000, 0x0000000713c00000, 0x0000000713c00000|100%| O|  |TAMS 0x0000000713a00000, 0x0000000713a00000| Untracked 
| 158|0x0000000713c00000, 0x0000000713e00000, 0x0000000713e00000|100%| O|  |TAMS 0x0000000713c00000, 0x0000000713c00000| Untracked 
| 159|0x0000000713e00000, 0x0000000714000000, 0x0000000714000000|100%| O|  |TAMS 0x0000000713e00000, 0x0000000713e00000| Untracked 
| 160|0x0000000714000000, 0x0000000714200000, 0x0000000714200000|100%| O|  |TAMS 0x0000000714000000, 0x0000000714000000| Untracked 
| 161|0x0000000714200000, 0x0000000714400000, 0x0000000714400000|100%| O|  |TAMS 0x0000000714200000, 0x0000000714200000| Untracked 
| 162|0x0000000714400000, 0x0000000714600000, 0x0000000714600000|100%| O|  |TAMS 0x0000000714400000, 0x0000000714400000| Untracked 
| 163|0x0000000714600000, 0x0000000714800000, 0x0000000714800000|100%| O|  |TAMS 0x0000000714600000, 0x0000000714600000| Untracked 
| 164|0x0000000714800000, 0x0000000714a00000, 0x0000000714a00000|100%| O|  |TAMS 0x0000000714800000, 0x0000000714800000| Untracked 
| 165|0x0000000714a00000, 0x0000000714c00000, 0x0000000714c00000|100%| O|  |TAMS 0x0000000714a00000, 0x0000000714a00000| Untracked 
| 166|0x0000000714c00000, 0x0000000714e00000, 0x0000000714e00000|100%| O|  |TAMS 0x0000000714c00000, 0x0000000714c00000| Untracked 
| 167|0x0000000714e00000, 0x0000000715000000, 0x0000000715000000|100%| O|  |TAMS 0x0000000714e00000, 0x0000000714e00000| Untracked 
| 168|0x0000000715000000, 0x0000000715200000, 0x0000000715200000|100%| O|  |TAMS 0x0000000715000000, 0x0000000715000000| Untracked 
| 169|0x0000000715200000, 0x0000000715200000, 0x0000000715400000|  0%| F|  |TAMS 0x0000000715200000, 0x0000000715200000| Untracked 
| 170|0x0000000715400000, 0x0000000715400000, 0x0000000715600000|  0%| F|  |TAMS 0x0000000715400000, 0x0000000715400000| Untracked 
| 171|0x0000000715600000, 0x0000000715600000, 0x0000000715800000|  0%| F|  |TAMS 0x0000000715600000, 0x0000000715600000| Untracked 
| 172|0x0000000715800000, 0x0000000715800000, 0x0000000715a00000|  0%| F|  |TAMS 0x0000000715800000, 0x0000000715800000| Untracked 
| 173|0x0000000715a00000, 0x0000000715a00000, 0x0000000715c00000|  0%| F|  |TAMS 0x0000000715a00000, 0x0000000715a00000| Untracked 
| 174|0x0000000715c00000, 0x0000000715c00000, 0x0000000715e00000|  0%| F|  |TAMS 0x0000000715c00000, 0x0000000715c00000| Untracked 
| 175|0x0000000715e00000, 0x0000000715e00000, 0x0000000716000000|  0%| F|  |TAMS 0x0000000715e00000, 0x0000000715e00000| Untracked 
| 176|0x0000000716000000, 0x0000000716000000, 0x0000000716200000|  0%| F|  |TAMS 0x0000000716000000, 0x0000000716000000| Untracked 
| 177|0x0000000716200000, 0x0000000716200000, 0x0000000716400000|  0%| F|  |TAMS 0x0000000716200000, 0x0000000716200000| Untracked 
| 178|0x0000000716400000, 0x0000000716400000, 0x0000000716600000|  0%| F|  |TAMS 0x0000000716400000, 0x0000000716400000| Untracked 
| 179|0x0000000716600000, 0x0000000716600000, 0x0000000716800000|  0%| F|  |TAMS 0x0000000716600000, 0x0000000716600000| Untracked 
| 180|0x0000000716800000, 0x0000000716800000, 0x0000000716a00000|  0%| F|  |TAMS 0x0000000716800000, 0x0000000716800000| Untracked 
| 181|0x0000000716a00000, 0x0000000716a00000, 0x0000000716c00000|  0%| F|  |TAMS 0x0000000716a00000, 0x0000000716a00000| Untracked 
| 182|0x0000000716c00000, 0x0000000716c00000, 0x0000000716e00000|  0%| F|  |TAMS 0x0000000716c00000, 0x0000000716c00000| Untracked 
| 183|0x0000000716e00000, 0x0000000716e00000, 0x0000000717000000|  0%| F|  |TAMS 0x0000000716e00000, 0x0000000716e00000| Untracked 
| 184|0x0000000717000000, 0x0000000717000000, 0x0000000717200000|  0%| F|  |TAMS 0x0000000717000000, 0x0000000717000000| Untracked 
| 185|0x0000000717200000, 0x0000000717200000, 0x0000000717400000|  0%| F|  |TAMS 0x0000000717200000, 0x0000000717200000| Untracked 
| 186|0x0000000717400000, 0x0000000717400000, 0x0000000717600000|  0%| F|  |TAMS 0x0000000717400000, 0x0000000717400000| Untracked 
| 187|0x0000000717600000, 0x0000000717600000, 0x0000000717800000|  0%| F|  |TAMS 0x0000000717600000, 0x0000000717600000| Untracked 
| 188|0x0000000717800000, 0x0000000717800000, 0x0000000717a00000|  0%| F|  |TAMS 0x0000000717800000, 0x0000000717800000| Untracked 
| 189|0x0000000717a00000, 0x0000000717a00000, 0x0000000717c00000|  0%| F|  |TAMS 0x0000000717a00000, 0x0000000717a00000| Untracked 
| 190|0x0000000717c00000, 0x0000000717c00000, 0x0000000717e00000|  0%| F|  |TAMS 0x0000000717c00000, 0x0000000717c00000| Untracked 
| 191|0x0000000717e00000, 0x0000000717e00000, 0x0000000718000000|  0%| F|  |TAMS 0x0000000717e00000, 0x0000000717e00000| Untracked 
| 192|0x0000000718000000, 0x0000000718000000, 0x0000000718200000|  0%| F|  |TAMS 0x0000000718000000, 0x0000000718000000| Untracked 
| 193|0x0000000718200000, 0x0000000718200000, 0x0000000718400000|  0%| F|  |TAMS 0x0000000718200000, 0x0000000718200000| Untracked 
| 194|0x0000000718400000, 0x0000000718400000, 0x0000000718600000|  0%| F|  |TAMS 0x0000000718400000, 0x0000000718400000| Untracked 
| 195|0x0000000718600000, 0x0000000718600000, 0x0000000718800000|  0%| F|  |TAMS 0x0000000718600000, 0x0000000718600000| Untracked 
| 196|0x0000000718800000, 0x0000000718800000, 0x0000000718a00000|  0%| F|  |TAMS 0x0000000718800000, 0x0000000718800000| Untracked 
| 197|0x0000000718a00000, 0x0000000718a00000, 0x0000000718c00000|  0%| F|  |TAMS 0x0000000718a00000, 0x0000000718a00000| Untracked 
| 198|0x0000000718c00000, 0x0000000718c00000, 0x0000000718e00000|  0%| F|  |TAMS 0x0000000718c00000, 0x0000000718c00000| Untracked 
| 199|0x0000000718e00000, 0x0000000718e00000, 0x0000000719000000|  0%| F|  |TAMS 0x0000000718e00000, 0x0000000718e00000| Untracked 
| 200|0x0000000719000000, 0x0000000719000000, 0x0000000719200000|  0%| F|  |TAMS 0x0000000719000000, 0x0000000719000000| Untracked 
| 201|0x0000000719200000, 0x0000000719200000, 0x0000000719400000|  0%| F|  |TAMS 0x0000000719200000, 0x0000000719200000| Untracked 
| 202|0x0000000719400000, 0x0000000719400000, 0x0000000719600000|  0%| F|  |TAMS 0x0000000719400000, 0x0000000719400000| Untracked 
| 203|0x0000000719600000, 0x0000000719600000, 0x0000000719800000|  0%| F|  |TAMS 0x0000000719600000, 0x0000000719600000| Untracked 
| 204|0x0000000719800000, 0x0000000719800000, 0x0000000719a00000|  0%| F|  |TAMS 0x0000000719800000, 0x0000000719800000| Untracked 
| 205|0x0000000719a00000, 0x0000000719a00000, 0x0000000719c00000|  0%| F|  |TAMS 0x0000000719a00000, 0x0000000719a00000| Untracked 
| 206|0x0000000719c00000, 0x0000000719c00000, 0x0000000719e00000|  0%| F|  |TAMS 0x0000000719c00000, 0x0000000719c00000| Untracked 
| 207|0x0000000719e00000, 0x0000000719e00000, 0x000000071a000000|  0%| F|  |TAMS 0x0000000719e00000, 0x0000000719e00000| Untracked 
| 208|0x000000071a000000, 0x000000071a000000, 0x000000071a200000|  0%| F|  |TAMS 0x000000071a000000, 0x000000071a000000| Untracked 
| 209|0x000000071a200000, 0x000000071a200000, 0x000000071a400000|  0%| F|  |TAMS 0x000000071a200000, 0x000000071a200000| Untracked 
| 210|0x000000071a400000, 0x000000071a400000, 0x000000071a600000|  0%| F|  |TAMS 0x000000071a400000, 0x000000071a400000| Untracked 
| 211|0x000000071a600000, 0x000000071a600000, 0x000000071a800000|  0%| F|  |TAMS 0x000000071a600000, 0x000000071a600000| Untracked 
| 212|0x000000071a800000, 0x000000071a800000, 0x000000071aa00000|  0%| F|  |TAMS 0x000000071a800000, 0x000000071a800000| Untracked 
| 213|0x000000071aa00000, 0x000000071aa00000, 0x000000071ac00000|  0%| F|  |TAMS 0x000000071aa00000, 0x000000071aa00000| Untracked 
| 214|0x000000071ac00000, 0x000000071ac00000, 0x000000071ae00000|  0%| F|  |TAMS 0x000000071ac00000, 0x000000071ac00000| Untracked 
| 215|0x000000071ae00000, 0x000000071ae00000, 0x000000071b000000|  0%| F|  |TAMS 0x000000071ae00000, 0x000000071ae00000| Untracked 
| 216|0x000000071b000000, 0x000000071b000000, 0x000000071b200000|  0%| F|  |TAMS 0x000000071b000000, 0x000000071b000000| Untracked 
| 217|0x000000071b200000, 0x000000071b200000, 0x000000071b400000|  0%| F|  |TAMS 0x000000071b200000, 0x000000071b200000| Untracked 
| 218|0x000000071b400000, 0x000000071b400000, 0x000000071b600000|  0%| F|  |TAMS 0x000000071b400000, 0x000000071b400000| Untracked 
| 219|0x000000071b600000, 0x000000071b600000, 0x000000071b800000|  0%| F|  |TAMS 0x000000071b600000, 0x000000071b600000| Untracked 
| 220|0x000000071b800000, 0x000000071b800000, 0x000000071ba00000|  0%| F|  |TAMS 0x000000071b800000, 0x000000071b800000| Untracked 
| 221|0x000000071ba00000, 0x000000071ba00000, 0x000000071bc00000|  0%| F|  |TAMS 0x000000071ba00000, 0x000000071ba00000| Untracked 
| 222|0x000000071bc00000, 0x000000071bc00000, 0x000000071be00000|  0%| F|  |TAMS 0x000000071bc00000, 0x000000071bc00000| Untracked 
| 223|0x000000071be00000, 0x000000071be00000, 0x000000071c000000|  0%| F|  |TAMS 0x000000071be00000, 0x000000071be00000| Untracked 
| 224|0x000000071c000000, 0x000000071c000000, 0x000000071c200000|  0%| F|  |TAMS 0x000000071c000000, 0x000000071c000000| Untracked 
| 225|0x000000071c200000, 0x000000071c200000, 0x000000071c400000|  0%| F|  |TAMS 0x000000071c200000, 0x000000071c200000| Untracked 
| 226|0x000000071c400000, 0x000000071c400000, 0x000000071c600000|  0%| F|  |TAMS 0x000000071c400000, 0x000000071c400000| Untracked 
| 227|0x000000071c600000, 0x000000071c600000, 0x000000071c800000|  0%| F|  |TAMS 0x000000071c600000, 0x000000071c600000| Untracked 
| 228|0x000000071c800000, 0x000000071c800000, 0x000000071ca00000|  0%| F|  |TAMS 0x000000071c800000, 0x000000071c800000| Untracked 
| 229|0x000000071ca00000, 0x000000071ca00000, 0x000000071cc00000|  0%| F|  |TAMS 0x000000071ca00000, 0x000000071ca00000| Untracked 
| 230|0x000000071cc00000, 0x000000071cc00000, 0x000000071ce00000|  0%| F|  |TAMS 0x000000071cc00000, 0x000000071cc00000| Untracked 
| 231|0x000000071ce00000, 0x000000071ce00000, 0x000000071d000000|  0%| F|  |TAMS 0x000000071ce00000, 0x000000071ce00000| Untracked 
| 232|0x000000071d000000, 0x000000071d000000, 0x000000071d200000|  0%| F|  |TAMS 0x000000071d000000, 0x000000071d000000| Untracked 
| 233|0x000000071d200000, 0x000000071d200000, 0x000000071d400000|  0%| F|  |TAMS 0x000000071d200000, 0x000000071d200000| Untracked 
| 234|0x000000071d400000, 0x000000071d400000, 0x000000071d600000|  0%| F|  |TAMS 0x000000071d400000, 0x000000071d400000| Untracked 
| 235|0x000000071d600000, 0x000000071d600000, 0x000000071d800000|  0%| F|  |TAMS 0x000000071d600000, 0x000000071d600000| Untracked 
| 236|0x000000071d800000, 0x000000071d800000, 0x000000071da00000|  0%| F|  |TAMS 0x000000071d800000, 0x000000071d800000| Untracked 
| 237|0x000000071da00000, 0x000000071da00000, 0x000000071dc00000|  0%| F|  |TAMS 0x000000071da00000, 0x000000071da00000| Untracked 
| 238|0x000000071dc00000, 0x000000071dc00000, 0x000000071de00000|  0%| F|  |TAMS 0x000000071dc00000, 0x000000071dc00000| Untracked 
| 239|0x000000071de00000, 0x000000071de00000, 0x000000071e000000|  0%| F|  |TAMS 0x000000071de00000, 0x000000071de00000| Untracked 
| 240|0x000000071e000000, 0x000000071e000000, 0x000000071e200000|  0%| F|  |TAMS 0x000000071e000000, 0x000000071e000000| Untracked 
| 241|0x000000071e200000, 0x000000071e200000, 0x000000071e400000|  0%| F|  |TAMS 0x000000071e200000, 0x000000071e200000| Untracked 
| 242|0x000000071e400000, 0x000000071e400000, 0x000000071e600000|  0%| F|  |TAMS 0x000000071e400000, 0x000000071e400000| Untracked 
| 243|0x000000071e600000, 0x000000071e600000, 0x000000071e800000|  0%| F|  |TAMS 0x000000071e600000, 0x000000071e600000| Untracked 
| 244|0x000000071e800000, 0x000000071e800000, 0x000000071ea00000|  0%| F|  |TAMS 0x000000071e800000, 0x000000071e800000| Untracked 
| 245|0x000000071ea00000, 0x000000071ea00000, 0x000000071ec00000|  0%| F|  |TAMS 0x000000071ea00000, 0x000000071ea00000| Untracked 
| 246|0x000000071ec00000, 0x000000071ec00000, 0x000000071ee00000|  0%| F|  |TAMS 0x000000071ec00000, 0x000000071ec00000| Untracked 
| 247|0x000000071ee00000, 0x000000071ee00000, 0x000000071f000000|  0%| F|  |TAMS 0x000000071ee00000, 0x000000071ee00000| Untracked 
| 248|0x000000071f000000, 0x000000071f000000, 0x000000071f200000|  0%| F|  |TAMS 0x000000071f000000, 0x000000071f000000| Untracked 
| 249|0x000000071f200000, 0x000000071f200000, 0x000000071f400000|  0%| F|  |TAMS 0x000000071f200000, 0x000000071f200000| Untracked 
| 250|0x000000071f400000, 0x000000071f400000, 0x000000071f600000|  0%| F|  |TAMS 0x000000071f400000, 0x000000071f400000| Untracked 
| 251|0x000000071f600000, 0x000000071f600000, 0x000000071f800000|  0%| F|  |TAMS 0x000000071f600000, 0x000000071f600000| Untracked 
| 252|0x000000071f800000, 0x000000071f800000, 0x000000071fa00000|  0%| F|  |TAMS 0x000000071f800000, 0x000000071f800000| Untracked 
| 253|0x000000071fa00000, 0x000000071fa00000, 0x000000071fc00000|  0%| F|  |TAMS 0x000000071fa00000, 0x000000071fa00000| Untracked 
| 254|0x000000071fc00000, 0x000000071fc00000, 0x000000071fe00000|  0%| F|  |TAMS 0x000000071fc00000, 0x000000071fc00000| Untracked 
| 255|0x000000071fe00000, 0x000000071fe00000, 0x0000000720000000|  0%| F|  |TAMS 0x000000071fe00000, 0x000000071fe00000| Untracked 
| 256|0x0000000720000000, 0x0000000720000000, 0x0000000720200000|  0%| F|  |TAMS 0x0000000720000000, 0x0000000720000000| Untracked 
| 257|0x0000000720200000, 0x0000000720200000, 0x0000000720400000|  0%| F|  |TAMS 0x0000000720200000, 0x0000000720200000| Untracked 
| 258|0x0000000720400000, 0x0000000720400000, 0x0000000720600000|  0%| F|  |TAMS 0x0000000720400000, 0x0000000720400000| Untracked 
| 259|0x0000000720600000, 0x0000000720600000, 0x0000000720800000|  0%| F|  |TAMS 0x0000000720600000, 0x0000000720600000| Untracked 
| 260|0x0000000720800000, 0x0000000720800000, 0x0000000720a00000|  0%| F|  |TAMS 0x0000000720800000, 0x0000000720800000| Untracked 
| 261|0x0000000720a00000, 0x0000000720a00000, 0x0000000720c00000|  0%| F|  |TAMS 0x0000000720a00000, 0x0000000720a00000| Untracked 
| 262|0x0000000720c00000, 0x0000000720c00000, 0x0000000720e00000|  0%| F|  |TAMS 0x0000000720c00000, 0x0000000720c00000| Untracked 
| 263|0x0000000720e00000, 0x0000000720e00000, 0x0000000721000000|  0%| F|  |TAMS 0x0000000720e00000, 0x0000000720e00000| Untracked 
| 264|0x0000000721000000, 0x0000000721000000, 0x0000000721200000|  0%| F|  |TAMS 0x0000000721000000, 0x0000000721000000| Untracked 
| 265|0x0000000721200000, 0x0000000721200000, 0x0000000721400000|  0%| F|  |TAMS 0x0000000721200000, 0x0000000721200000| Untracked 
| 266|0x0000000721400000, 0x0000000721400000, 0x0000000721600000|  0%| F|  |TAMS 0x0000000721400000, 0x0000000721400000| Untracked 
| 267|0x0000000721600000, 0x0000000721600000, 0x0000000721800000|  0%| F|  |TAMS 0x0000000721600000, 0x0000000721600000| Untracked 
| 268|0x0000000721800000, 0x0000000721800000, 0x0000000721a00000|  0%| F|  |TAMS 0x0000000721800000, 0x0000000721800000| Untracked 
| 269|0x0000000721a00000, 0x0000000721a00000, 0x0000000721c00000|  0%| F|  |TAMS 0x0000000721a00000, 0x0000000721a00000| Untracked 
| 270|0x0000000721c00000, 0x0000000721c00000, 0x0000000721e00000|  0%| F|  |TAMS 0x0000000721c00000, 0x0000000721c00000| Untracked 
| 271|0x0000000721e00000, 0x0000000721e00000, 0x0000000722000000|  0%| F|  |TAMS 0x0000000721e00000, 0x0000000721e00000| Untracked 
| 272|0x0000000722000000, 0x0000000722000000, 0x0000000722200000|  0%| F|  |TAMS 0x0000000722000000, 0x0000000722000000| Untracked 
| 273|0x0000000722200000, 0x0000000722200000, 0x0000000722400000|  0%| F|  |TAMS 0x0000000722200000, 0x0000000722200000| Untracked 
| 274|0x0000000722400000, 0x0000000722400000, 0x0000000722600000|  0%| F|  |TAMS 0x0000000722400000, 0x0000000722400000| Untracked 
| 275|0x0000000722600000, 0x0000000722600000, 0x0000000722800000|  0%| F|  |TAMS 0x0000000722600000, 0x0000000722600000| Untracked 
| 276|0x0000000722800000, 0x0000000722800000, 0x0000000722a00000|  0%| F|  |TAMS 0x0000000722800000, 0x0000000722800000| Untracked 
| 277|0x0000000722a00000, 0x0000000722a00000, 0x0000000722c00000|  0%| F|  |TAMS 0x0000000722a00000, 0x0000000722a00000| Untracked 
| 278|0x0000000722c00000, 0x0000000722c00000, 0x0000000722e00000|  0%| F|  |TAMS 0x0000000722c00000, 0x0000000722c00000| Untracked 
| 279|0x0000000722e00000, 0x0000000722e00000, 0x0000000723000000|  0%| F|  |TAMS 0x0000000722e00000, 0x0000000722e00000| Untracked 
| 280|0x0000000723000000, 0x0000000723000000, 0x0000000723200000|  0%| F|  |TAMS 0x0000000723000000, 0x0000000723000000| Untracked 
| 281|0x0000000723200000, 0x0000000723200000, 0x0000000723400000|  0%| F|  |TAMS 0x0000000723200000, 0x0000000723200000| Untracked 
| 282|0x0000000723400000, 0x0000000723400000, 0x0000000723600000|  0%| F|  |TAMS 0x0000000723400000, 0x0000000723400000| Untracked 
| 283|0x0000000723600000, 0x0000000723600000, 0x0000000723800000|  0%| F|  |TAMS 0x0000000723600000, 0x0000000723600000| Untracked 
| 284|0x0000000723800000, 0x0000000723800000, 0x0000000723a00000|  0%| F|  |TAMS 0x0000000723800000, 0x0000000723800000| Untracked 
| 285|0x0000000723a00000, 0x0000000723a00000, 0x0000000723c00000|  0%| F|  |TAMS 0x0000000723a00000, 0x0000000723a00000| Untracked 
| 286|0x0000000723c00000, 0x0000000723c00000, 0x0000000723e00000|  0%| F|  |TAMS 0x0000000723c00000, 0x0000000723c00000| Untracked 
| 287|0x0000000723e00000, 0x0000000723e00000, 0x0000000724000000|  0%| F|  |TAMS 0x0000000723e00000, 0x0000000723e00000| Untracked 
| 288|0x0000000724000000, 0x0000000724000000, 0x0000000724200000|  0%| F|  |TAMS 0x0000000724000000, 0x0000000724000000| Untracked 
| 289|0x0000000724200000, 0x0000000724200000, 0x0000000724400000|  0%| F|  |TAMS 0x0000000724200000, 0x0000000724200000| Untracked 
| 290|0x0000000724400000, 0x0000000724400000, 0x0000000724600000|  0%| F|  |TAMS 0x0000000724400000, 0x0000000724400000| Untracked 
| 291|0x0000000724600000, 0x0000000724600000, 0x0000000724800000|  0%| F|  |TAMS 0x0000000724600000, 0x0000000724600000| Untracked 
| 292|0x0000000724800000, 0x0000000724800000, 0x0000000724a00000|  0%| F|  |TAMS 0x0000000724800000, 0x0000000724800000| Untracked 
| 293|0x0000000724a00000, 0x0000000724a00000, 0x0000000724c00000|  0%| F|  |TAMS 0x0000000724a00000, 0x0000000724a00000| Untracked 
| 294|0x0000000724c00000, 0x0000000724c00000, 0x0000000724e00000|  0%| F|  |TAMS 0x0000000724c00000, 0x0000000724c00000| Untracked 
| 295|0x0000000724e00000, 0x0000000724e00000, 0x0000000725000000|  0%| F|  |TAMS 0x0000000724e00000, 0x0000000724e00000| Untracked 
| 296|0x0000000725000000, 0x0000000725000000, 0x0000000725200000|  0%| F|  |TAMS 0x0000000725000000, 0x0000000725000000| Untracked 
| 297|0x0000000725200000, 0x0000000725200000, 0x0000000725400000|  0%| F|  |TAMS 0x0000000725200000, 0x0000000725200000| Untracked 
| 298|0x0000000725400000, 0x0000000725400000, 0x0000000725600000|  0%| F|  |TAMS 0x0000000725400000, 0x0000000725400000| Untracked 
| 299|0x0000000725600000, 0x0000000725600000, 0x0000000725800000|  0%| F|  |TAMS 0x0000000725600000, 0x0000000725600000| Untracked 
| 300|0x0000000725800000, 0x0000000725a00000, 0x0000000725a00000|100%| S|CS|TAMS 0x0000000725800000, 0x0000000725800000| Complete 
| 301|0x0000000725a00000, 0x0000000725c00000, 0x0000000725c00000|100%| S|CS|TAMS 0x0000000725a00000, 0x0000000725a00000| Complete 
| 302|0x0000000725c00000, 0x0000000725c00000, 0x0000000725e00000|  0%| F|  |TAMS 0x0000000725c00000, 0x0000000725c00000| Untracked 
| 303|0x0000000725e00000, 0x0000000725e00000, 0x0000000726000000|  0%| F|  |TAMS 0x0000000725e00000, 0x0000000725e00000| Untracked 
| 304|0x0000000726000000, 0x0000000726000000, 0x0000000726200000|  0%| F|  |TAMS 0x0000000726000000, 0x0000000726000000| Untracked 
| 305|0x0000000726200000, 0x0000000726200000, 0x0000000726400000|  0%| F|  |TAMS 0x0000000726200000, 0x0000000726200000| Untracked 
| 306|0x0000000726400000, 0x0000000726400000, 0x0000000726600000|  0%| F|  |TAMS 0x0000000726400000, 0x0000000726400000| Untracked 

Card table byte_map: [0x000002486f650000,0x000002486fe50000] _byte_map_base: 0x000002486be50000

Marking Bits (Prev, Next): (CMBitMap*) 0x0000024858265070, (CMBitMap*) 0x00000248582650b0
 Prev Bits: [0x0000024870650000, 0x0000024874650000)
 Next Bits: [0x0000024874650000, 0x0000024878650000)

Polling page: 0x0000024856190000

Metaspace:

Usage:
  Non-class:    100.81 MB used.
      Class:     16.31 MB used.
       Both:    117.13 MB used.

Virtual space:
  Non-class space:      128.00 MB reserved,     101.75 MB ( 79%) committed,  2 nodes.
      Class space:        1.00 GB reserved,      17.12 MB (  2%) committed,  1 nodes.
             Both:        1.12 GB reserved,     118.88 MB ( 10%) committed. 

Chunk freelists:
   Non-Class:  10.17 MB
       Class:  14.76 MB
        Both:  24.93 MB

MaxMetaspaceSize: unlimited
CompressedClassSpaceSize: 1.00 GB
Initial GC threshold: 21.00 MB
Current GC threshold: 197.94 MB
CDS: on
MetaspaceReclaimPolicy: balanced
 - commit_granule_bytes: 65536.
 - commit_granule_words: 8192.
 - virtual_space_node_default_size: 8388608.
 - enlarge_chunks_in_place: 1.
 - new_chunks_are_fully_committed: 0.
 - uncommit_free_chunks: 1.
 - use_allocation_guard: 0.
 - handle_deallocations: 1.


Internal statistics:

num_allocs_failed_limit: 9.
num_arena_births: 2466.
num_arena_deaths: 0.
num_vsnodes_births: 3.
num_vsnodes_deaths: 0.
num_space_committed: 1902.
num_space_uncommitted: 0.
num_chunks_returned_to_freelist: 9.
num_chunks_taken_from_freelist: 8490.
num_chunk_merges: 9.
num_chunk_splits: 5188.
num_chunks_enlarged: 2973.
num_inconsistent_stats: 0.

CodeHeap 'non-profiled nmethods': size=120000Kb used=14287Kb max_used=14313Kb free=105712Kb
 bounds [0x00000248675f0000, 0x00000248683f0000, 0x000002486eb20000]
CodeHeap 'profiled nmethods': size=120000Kb used=35034Kb max_used=35034Kb free=84965Kb
 bounds [0x000002485fb20000, 0x0000024861d60000, 0x0000024867050000]
CodeHeap 'non-nmethods': size=5760Kb used=2449Kb max_used=2497Kb free=3311Kb
 bounds [0x0000024867050000, 0x00000248672d0000, 0x00000248675f0000]
 total_blobs=18103 nmethods=17115 adapters=899
 compilation: enabled
              stopped_count=0, restarted_count=0
 full_count=0

Compilation events (20 events):
Event: 182.971 Thread 0x000002487b0aaf40 20658       3       com.android.build.api.variant.impl.FlatSourceDirectoriesImpl::forAllSources$gradle_core (69 bytes)
Event: 182.972 Thread 0x000002487b0aaf40 nmethod 20658 0x0000024861d4a210 code [0x0000024861d4a4e0, 0x0000024861d4b508]
Event: 182.975 Thread 0x000002487b0aaf40 20659       3       com.android.build.gradle.internal.lint.ProjectInputs::initializeFromProject (172 bytes)
Event: 182.982 Thread 0x000002487b0aaf40 nmethod 20659 0x0000024861d4ba10 code [0x0000024861d4c420, 0x0000024861d52178]
Event: 182.982 Thread 0x000002487b0aaf40 20660       3       org.gradle.api.internal.file.DefaultFileSystemLocation::toString (8 bytes)
Event: 182.982 Thread 0x000002487b0aaf40 nmethod 20660 0x0000024861d54110 code [0x0000024861d542a0, 0x0000024861d54438]
Event: 182.982 Thread 0x000002487b0aaf40 20661       3       com.android.build.gradle.internal.lint.ProjectInputs_Decorated::getProjectGradlePath (36 bytes)
Event: 182.982 Thread 0x000002487b0aaf40 nmethod 20661 0x0000024861d54510 code [0x0000024861d546e0, 0x0000024861d54af8]
Event: 182.982 Thread 0x000002487b0aaf40 20662       3       com.android.build.gradle.internal.lint.ProjectInputs_Decorated::getMavenGroupId (36 bytes)
Event: 182.983 Thread 0x000002487b0aaf40 nmethod 20662 0x0000024861d54c90 code [0x0000024861d54e60, 0x0000024861d55278]
Event: 182.983 Thread 0x000002487b0aaf40 20663       3       com.android.build.gradle.internal.lint.ProjectInputs_Decorated::getMavenArtifactId (36 bytes)
Event: 182.983 Thread 0x000002487b0aaf40 nmethod 20663 0x0000024861d55410 code [0x0000024861d555e0, 0x0000024861d559f8]
Event: 182.983 Thread 0x000002487b0aaf40 20664       3       com.android.build.gradle.internal.lint.ProjectInputs_Decorated::getMavenVersion (36 bytes)
Event: 182.984 Thread 0x000002487b0aaf40 nmethod 20664 0x0000024861d55b90 code [0x0000024861d55d60, 0x0000024861d56178]
Event: 182.984 Thread 0x000002487b0aaf40 20665       3       com.android.build.gradle.internal.scope.ProjectInfo::getBuildFile (16 bytes)
Event: 182.984 Thread 0x000002487b0aaf40 nmethod 20665 0x0000024861d56310 code [0x0000024861d564c0, 0x0000024861d56708]
Event: 182.984 Thread 0x000002487b0aaf40 20666       3       com.android.build.gradle.internal.lint.ProjectInputs_Decorated::getProjectType (36 bytes)
Event: 182.984 Thread 0x000002487b0aaf40 nmethod 20666 0x0000024861d56810 code [0x0000024861d569e0, 0x0000024861d56df8]
Event: 182.984 Thread 0x000002487b0aaf40 20667       3       com.android.build.gradle.internal.lint.AndroidLintInputs::toLintModelModuleType (84 bytes)
Event: 182.985 Thread 0x000002487b0aaf40 nmethod 20667 0x0000024861d56f90 code [0x0000024861d57200, 0x0000024861d57ae8]

GC Heap History (20 events):
Event: 162.160 GC heap after
{Heap after GC invocations=48 (full 0):
 garbage-first heap   total 552960K, used 184591K [0x0000000700000000, 0x0000000800000000)
  region size 2048K, 2 young (4096K), 2 survivors (4096K)
 Metaspace       used 103503K, committed 104960K, reserved 1179648K
  class space    used 14445K, committed 15168K, reserved 1048576K
}
Event: 164.994 GC heap before
{Heap before GC invocations=48 (full 0):
 garbage-first heap   total 552960K, used 422159K [0x0000000700000000, 0x0000000800000000)
  region size 2048K, 118 young (241664K), 2 survivors (4096K)
 Metaspace       used 104050K, committed 105600K, reserved 1179648K
  class space    used 14505K, committed 15232K, reserved 1048576K
}
Event: 165.013 GC heap after
{Heap after GC invocations=49 (full 0):
 garbage-first heap   total 552960K, used 203062K [0x0000000700000000, 0x0000000800000000)
  region size 2048K, 11 young (22528K), 11 survivors (22528K)
 Metaspace       used 104050K, committed 105600K, reserved 1179648K
  class space    used 14505K, committed 15232K, reserved 1048576K
}
Event: 169.889 GC heap before
{Heap before GC invocations=49 (full 0):
 garbage-first heap   total 552960K, used 430390K [0x0000000700000000, 0x0000000800000000)
  region size 2048K, 122 young (249856K), 11 survivors (22528K)
 Metaspace       used 106989K, committed 108608K, reserved 1179648K
  class space    used 14893K, committed 15680K, reserved 1048576K
}
Event: 169.921 GC heap after
{Heap after GC invocations=50 (full 0):
 garbage-first heap   total 552960K, used 224589K [0x0000000700000000, 0x0000000800000000)
  region size 2048K, 12 young (24576K), 12 survivors (24576K)
 Metaspace       used 106989K, committed 108608K, reserved 1179648K
  class space    used 14893K, committed 15680K, reserved 1048576K
}
Event: 174.291 GC heap before
{Heap before GC invocations=50 (full 0):
 garbage-first heap   total 552960K, used 435533K [0x0000000700000000, 0x0000000800000000)
  region size 2048K, 115 young (235520K), 12 survivors (24576K)
 Metaspace       used 113911K, committed 115584K, reserved 1179648K
  class space    used 15958K, committed 16768K, reserved 1048576K
}
Event: 174.317 GC heap after
{Heap after GC invocations=51 (full 0):
 garbage-first heap   total 552960K, used 236432K [0x0000000700000000, 0x0000000800000000)
  region size 2048K, 7 young (14336K), 7 survivors (14336K)
 Metaspace       used 113911K, committed 115584K, reserved 1179648K
  class space    used 15958K, committed 16768K, reserved 1048576K
}
Event: 177.089 GC heap before
{Heap before GC invocations=52 (full 0):
 garbage-first heap   total 552960K, used 445328K [0x0000000700000000, 0x0000000800000000)
  region size 2048K, 109 young (223232K), 7 survivors (14336K)
 Metaspace       used 118728K, committed 120448K, reserved 1179648K
  class space    used 16609K, committed 17408K, reserved 1048576K
}
Event: 177.112 GC heap after
{Heap after GC invocations=53 (full 0):
 garbage-first heap   total 552960K, used 247095K [0x0000000700000000, 0x0000000800000000)
  region size 2048K, 12 young (24576K), 12 survivors (24576K)
 Metaspace       used 118728K, committed 120448K, reserved 1179648K
  class space    used 16609K, committed 17408K, reserved 1048576K
}
Event: 177.128 GC heap before
{Heap before GC invocations=53 (full 0):
 garbage-first heap   total 552960K, used 249143K [0x0000000700000000, 0x0000000800000000)
  region size 2048K, 13 young (26624K), 12 survivors (24576K)
 Metaspace       used 118732K, committed 120448K, reserved 1179648K
  class space    used 16609K, committed 17408K, reserved 1048576K
}
Event: 177.152 GC heap after
{Heap after GC invocations=54 (full 0):
 garbage-first heap   total 552960K, used 248363K [0x0000000700000000, 0x0000000800000000)
  region size 2048K, 2 young (4096K), 2 survivors (4096K)
 Metaspace       used 118732K, committed 120448K, reserved 1179648K
  class space    used 16609K, committed 17408K, reserved 1048576K
}
Event: 179.138 GC heap before
{Heap before GC invocations=54 (full 0):
 garbage-first heap   total 552960K, used 451115K [0x0000000700000000, 0x0000000800000000)
  region size 2048K, 101 young (206848K), 2 survivors (4096K)
 Metaspace       used 119266K, committed 121024K, reserved 1179648K
  class space    used 16665K, committed 17472K, reserved 1048576K
}
Event: 179.163 GC heap after
{Heap after GC invocations=55 (full 0):
 garbage-first heap   total 552960K, used 267471K [0x0000000700000000, 0x0000000800000000)
  region size 2048K, 11 young (22528K), 11 survivors (22528K)
 Metaspace       used 119266K, committed 121024K, reserved 1179648K
  class space    used 16665K, committed 17472K, reserved 1048576K
}
Event: 180.472 GC heap before
{Heap before GC invocations=55 (full 0):
 garbage-first heap   total 552960K, used 451791K [0x0000000700000000, 0x0000000800000000)
  region size 2048K, 101 young (206848K), 11 survivors (22528K)
 Metaspace       used 119555K, committed 121344K, reserved 1179648K
  class space    used 16687K, committed 17536K, reserved 1048576K
}
Event: 180.534 GC heap after
{Heap after GC invocations=56 (full 0):
 garbage-first heap   total 552960K, used 292988K [0x0000000700000000, 0x0000000800000000)
  region size 2048K, 13 young (26624K), 13 survivors (26624K)
 Metaspace       used 119555K, committed 121344K, reserved 1179648K
  class space    used 16687K, committed 17536K, reserved 1048576K
}
Event: 181.706 GC heap before
{Heap before GC invocations=56 (full 0):
 garbage-first heap   total 552960K, used 446588K [0x0000000700000000, 0x0000000800000000)
  region size 2048K, 88 young (180224K), 13 survivors (26624K)
 Metaspace       used 119801K, committed 121536K, reserved 1179648K
  class space    used 16704K, committed 17536K, reserved 1048576K
}
Event: 181.755 GC heap after
{Heap after GC invocations=57 (full 0):
 garbage-first heap   total 552960K, used 317063K [0x0000000700000000, 0x0000000800000000)
  region size 2048K, 11 young (22528K), 11 survivors (22528K)
 Metaspace       used 119801K, committed 121536K, reserved 1179648K
  class space    used 16704K, committed 17536K, reserved 1048576K
}
Event: 182.874 GC heap before
{Heap before GC invocations=58 (full 0):
 garbage-first heap   total 628736K, used 446087K [0x0000000700000000, 0x0000000800000000)
  region size 2048K, 74 young (151552K), 11 survivors (22528K)
 Metaspace       used 119924K, committed 121664K, reserved 1179648K
  class space    used 16706K, committed 17536K, reserved 1048576K
}
Event: 182.925 GC heap after
{Heap after GC invocations=59 (full 0):
 garbage-first heap   total 628736K, used 339968K [0x0000000700000000, 0x0000000800000000)
  region size 2048K, 10 young (20480K), 10 survivors (20480K)
 Metaspace       used 119924K, committed 121664K, reserved 1179648K
  class space    used 16706K, committed 17536K, reserved 1048576K
}
Event: 182.989 GC heap before
{Heap before GC invocations=59 (full 0):
 garbage-first heap   total 628736K, used 350208K [0x0000000700000000, 0x0000000800000000)
  region size 2048K, 15 young (30720K), 10 survivors (20480K)
 Metaspace       used 119940K, committed 121728K, reserved 1179648K
  class space    used 16706K, committed 17536K, reserved 1048576K
}

Deoptimization events (20 events):
Event: 176.749 Thread 0x0000024846a27b80 Uncommon trap: trap_request=0xffffffc6 fr.pc=0x00000248682590b8 relative=0x0000000000000c18
Event: 176.749 Thread 0x0000024846a27b80 Uncommon trap: reason=bimorphic_or_optimized_type_check action=maybe_recompile pc=0x00000248682590b8 method=org.gradle.api.internal.file.collections.UnpackingVisitor.add(Ljava/lang/Object;)V @ 15 c2
Event: 176.749 Thread 0x0000024846a27b80 DEOPT PACKING pc=0x00000248682590b8 sp=0x000000d2f66f9b70
Event: 176.749 Thread 0x0000024846a27b80 DEOPT UNPACKING pc=0x00000248670a23a3 sp=0x000000d2f66f9b10 mode 2
Event: 177.119 Thread 0x0000024846a27b80 Uncommon trap: trap_request=0xffffffc6 fr.pc=0x0000024868196fe0 relative=0x0000000000000220
Event: 177.119 Thread 0x0000024846a27b80 Uncommon trap: reason=bimorphic_or_optimized_type_check action=maybe_recompile pc=0x0000024868196fe0 method=kotlin.SafePublicationLazyImpl.getValue()Ljava/lang/Object; @ 24 c2
Event: 177.119 Thread 0x0000024846a27b80 DEOPT PACKING pc=0x0000024868196fe0 sp=0x000000d2f66fa240
Event: 177.119 Thread 0x0000024846a27b80 DEOPT UNPACKING pc=0x00000248670a23a3 sp=0x000000d2f66fa1e8 mode 2
Event: 177.788 Thread 0x0000024846a27b80 Uncommon trap: trap_request=0xffffff45 fr.pc=0x0000024868381c0c relative=0x0000000000000aec
Event: 177.788 Thread 0x0000024846a27b80 Uncommon trap: reason=unstable_if action=reinterpret pc=0x0000024868381c0c method=org.gradle.internal.reflect.annotations.impl.DefaultTypeAnnotationMetadataStore$PropertyAnnotationMetadataBuilder.resolveAnnotations()Lcom/google/common/collect/ImmutableMap
Event: 177.788 Thread 0x0000024846a27b80 DEOPT PACKING pc=0x0000024868381c0c sp=0x000000d2f66f9020
Event: 177.788 Thread 0x0000024846a27b80 DEOPT UNPACKING pc=0x00000248670a23a3 sp=0x000000d2f66f8ff0 mode 2
Event: 178.211 Thread 0x0000024846a27b80 Uncommon trap: trap_request=0xffffffc6 fr.pc=0x0000024867892c74 relative=0x00000000000027b4
Event: 178.211 Thread 0x0000024846a27b80 Uncommon trap: reason=bimorphic_or_optimized_type_check action=maybe_recompile pc=0x0000024867892c74 method=org.gradle.internal.ImmutableActionSet.add(Lorg/gradle/api/Action;)Lorg/gradle/internal/ImmutableActionSet; @ 62 c2
Event: 178.211 Thread 0x0000024846a27b80 DEOPT PACKING pc=0x0000024867892c74 sp=0x000000d2f66fae10
Event: 178.211 Thread 0x0000024846a27b80 DEOPT UNPACKING pc=0x00000248670a23a3 sp=0x000000d2f66fae20 mode 2
Event: 178.212 Thread 0x0000024846a27b80 Uncommon trap: trap_request=0xffffffc6 fr.pc=0x0000024867892c74 relative=0x00000000000027b4
Event: 178.212 Thread 0x0000024846a27b80 Uncommon trap: reason=bimorphic_or_optimized_type_check action=maybe_recompile pc=0x0000024867892c74 method=org.gradle.internal.ImmutableActionSet.add(Lorg/gradle/api/Action;)Lorg/gradle/internal/ImmutableActionSet; @ 62 c2
Event: 178.212 Thread 0x0000024846a27b80 DEOPT PACKING pc=0x0000024867892c74 sp=0x000000d2f66fae10
Event: 178.212 Thread 0x0000024846a27b80 DEOPT UNPACKING pc=0x00000248670a23a3 sp=0x000000d2f66fae20 mode 2

Classes unloaded (0 events):
No events

Classes redefined (0 events):
No events

Internal exceptions (20 events):
Event: 170.546 Thread 0x000002484c493a30 Implicit null exception at 0x0000024868217fcc to 0x0000024868218d58
Event: 170.547 Thread 0x0000024846a26840 Exception <a 'java/lang/NoSuchMethodError'{0x0000000720946318}: static Lorg/gradle/internal/build/event/types/DefaultTaskStartedProgressEvent;.<clinit>()V> (0x0000000720946318) 
thrown [s\open\src\hotspot\share\prims\jni.cpp, line 1112]
Event: 170.548 Thread 0x0000024846a26840 Exception <a 'java/lang/NoSuchMethodError'{0x0000000720950450}: static Lorg/gradle/internal/build/event/types/DefaultTaskDescriptor;.<clinit>()V> (0x0000000720950450) 
thrown [s\open\src\hotspot\share\prims\jni.cpp, line 1112]
Event: 170.576 Thread 0x0000024846a26840 Exception <a 'java/lang/NoSuchMethodError'{0x000000072096c138}: static Lorg/gradle/internal/build/event/types/DefaultTaskFinishedProgressEvent;.<clinit>()V> (0x000000072096c138) 
thrown [s\open\src\hotspot\share\prims\jni.cpp, line 1112]
Event: 170.579 Thread 0x0000024846a26840 Exception <a 'java/lang/NoSuchMethodError'{0x000000072097d8f0}: static Lorg/gradle/internal/build/event/types/DefaultTaskSuccessResult;.<clinit>()V> (0x000000072097d8f0) 
thrown [s\open\src\hotspot\share\prims\jni.cpp, line 1112]
Event: 170.579 Thread 0x0000024846a26840 Exception <a 'java/lang/NoSuchMethodError'{0x000000072097eb60}: static Lorg/gradle/internal/build/event/types/AbstractTaskResult;.<clinit>()V> (0x000000072097eb60) 
thrown [s\open\src\hotspot\share\prims\jni.cpp, line 1112]
Event: 170.612 Thread 0x0000024846a27b80 Exception <a 'java/lang/NoSuchMethodError'{0x00000007211f7918}: 'java.lang.Object java.lang.invoke.DirectMethodHandle$Holder.invokeStatic(java.lang.Object, int, java.lang.Object)'> (0x00000007211f7918) 
thrown [s\open\src\hotspot\share\interpreter\linkResolver.cpp, line 759]
Event: 170.628 Thread 0x000002484578f610 Exception <a 'java/lang/NoSuchMethodError'{0x0000000720456f38}: static Ljava/lang/Object;.<clinit>()V> (0x0000000720456f38) 
thrown [s\open\src\hotspot\share\prims\jni.cpp, line 1112]
Event: 170.646 Thread 0x000002484578f610 Exception <a 'java/lang/NoSuchMethodError'{0x00000007204be198}: static Lorg/jetbrains/kotlin/gradle/plugin/statistics/MetricContainer;.<clinit>()V> (0x00000007204be198) 
thrown [s\open\src\hotspot\share\prims\jni.cpp, line 1112]
Event: 171.278 Thread 0x0000024846a27b80 Implicit null exception at 0x0000024868272b7e to 0x0000024868273730
Event: 171.682 Thread 0x0000024846a27b80 Exception <a 'java/lang/IncompatibleClassChangeError'{0x000000071d8718b8}: Found class java.lang.Object, but interface was expected> (0x000000071d8718b8) 
thrown [s\open\src\hotspot\share\interpreter\linkResolver.cpp, line 826]
Event: 171.689 Thread 0x0000024846a27b80 Implicit null exception at 0x00000248682f3143 to 0x00000248682f31fb
Event: 172.264 Thread 0x0000024846a27b80 Implicit null exception at 0x0000024868306cbe to 0x000002486830a018
Event: 172.392 Thread 0x0000024846a27b80 Implicit null exception at 0x000002486830ecd6 to 0x000002486830f690
Event: 172.792 Thread 0x0000024846a27b80 Implicit null exception at 0x000002486832b8cc to 0x000002486832d280
Event: 172.792 Thread 0x0000024846a27b80 Implicit null exception at 0x000002486832970b to 0x0000024868329b04
Event: 172.918 Thread 0x0000024846a27b80 Implicit null exception at 0x0000024868336806 to 0x0000024868337f0c
Event: 172.918 Thread 0x0000024846a27b80 Implicit null exception at 0x0000024868339301 to 0x0000024868339724
Event: 175.105 Thread 0x0000024846a27b80 Exception <a 'sun/nio/fs/WindowsException'{0x000000071eed9908}> (0x000000071eed9908) 
thrown [s\open\src\hotspot\share\prims\jni.cpp, line 516]
Event: 177.788 Thread 0x0000024846a27b80 Exception <a 'java/lang/IncompatibleClassChangeError'{0x000000071e5dacb8}: Found class java.lang.Object, but interface was expected> (0x000000071e5dacb8) 
thrown [s\open\src\hotspot\share\interpreter\linkResolver.cpp, line 826]

VM Operations (20 events):
Event: 178.389 Executing VM operation: Cleanup done
Event: 179.138 Executing VM operation: G1CollectForAllocation
Event: 179.163 Executing VM operation: G1CollectForAllocation done
Event: 180.168 Executing VM operation: Cleanup
Event: 180.168 Executing VM operation: Cleanup done
Event: 180.472 Executing VM operation: G1CollectForAllocation
Event: 180.534 Executing VM operation: G1CollectForAllocation done
Event: 180.534 Executing VM operation: HandshakeAllThreads
Event: 180.534 Executing VM operation: HandshakeAllThreads done
Event: 181.540 Executing VM operation: Cleanup
Event: 181.540 Executing VM operation: Cleanup done
Event: 181.705 Executing VM operation: G1CollectForAllocation
Event: 181.755 Executing VM operation: G1CollectForAllocation done
Event: 182.211 Executing VM operation: G1Concurrent
Event: 182.238 Executing VM operation: G1Concurrent done
Event: 182.477 Executing VM operation: G1Concurrent
Event: 182.481 Executing VM operation: G1Concurrent done
Event: 182.873 Executing VM operation: G1CollectForAllocation
Event: 182.925 Executing VM operation: G1CollectForAllocation done
Event: 182.989 Executing VM operation: G1CollectForAllocation

Events (20 events):
Event: 177.405 Thread 0x0000024845157ff0 flushing nmethod 0x0000024861881610
Event: 177.405 Thread 0x0000024845157ff0 flushing nmethod 0x0000024861882910
Event: 177.405 Thread 0x0000024845157ff0 flushing nmethod 0x0000024861933f10
Event: 177.406 Thread 0x0000024845157ff0 flushing nmethod 0x000002486195d910
Event: 177.406 Thread 0x0000024845157ff0 flushing nmethod 0x0000024861990890
Event: 177.406 Thread 0x0000024845157ff0 flushing nmethod 0x0000024861995390
Event: 177.406 Thread 0x0000024845157ff0 flushing nmethod 0x000002486199a590
Event: 177.406 Thread 0x0000024845157ff0 flushing nmethod 0x00000248619efe10
Event: 177.406 Thread 0x0000024845157ff0 flushing nmethod 0x00000248619f3610
Event: 177.406 Thread 0x0000024845157ff0 flushing nmethod 0x00000248619f3c10
Event: 177.406 Thread 0x0000024845157ff0 flushing nmethod 0x00000248619f7510
Event: 177.406 Thread 0x0000024845157ff0 flushing nmethod 0x00000248619f8f10
Event: 177.406 Thread 0x0000024845157ff0 flushing nmethod 0x00000248619fb610
Event: 177.406 Thread 0x0000024845157ff0 flushing nmethod 0x0000024861a1f510
Event: 177.406 Thread 0x0000024845157ff0 flushing nmethod 0x0000024861a36990
Event: 177.406 Thread 0x0000024845157ff0 flushing nmethod 0x0000024861a53d90
Event: 177.407 Thread 0x0000024845157ff0 flushing nmethod 0x0000024861a94a10
Event: 177.407 Thread 0x0000024845157ff0 flushing nmethod 0x0000024861a97810
Event: 177.407 Thread 0x0000024845157ff0 flushing nmethod 0x0000024861b3d410
Event: 181.168 Thread 0x000002484d0fd790 Thread exited: 0x000002484d0fd790


Dynamic libraries:
0x00007ff682ef0000 - 0x00007ff682f00000 	C:\Program Files\Java\jdk-17\bin\java.exe
0x00007ff9c3c80000 - 0x00007ff9c3e89000 	C:\Windows\SYSTEM32\ntdll.dll
0x00007ff9c3000000 - 0x00007ff9c30bd000 	C:\Windows\System32\KERNEL32.DLL
0x00007ff9c1590000 - 0x00007ff9c1914000 	C:\Windows\System32\KERNELBASE.dll
0x00007ff9c1470000 - 0x00007ff9c1581000 	C:\Windows\System32\ucrtbase.dll
0x00007ff995ef0000 - 0x00007ff995f09000 	C:\Program Files\Java\jdk-17\bin\jli.dll
0x00007ff9c39b0000 - 0x00007ff9c3a5e000 	C:\Windows\System32\ADVAPI32.dll
0x00007ff9c2ee0000 - 0x00007ff9c2f83000 	C:\Windows\System32\msvcrt.dll
0x00007ff9c2aa0000 - 0x00007ff9c2b3e000 	C:\Windows\System32\sechost.dll
0x00007ff9c1b30000 - 0x00007ff9c1c51000 	C:\Windows\System32\RPCRT4.dll
0x00007ff9c2cd0000 - 0x00007ff9c2e7d000 	C:\Windows\System32\USER32.dll
0x00007ff9c1230000 - 0x00007ff9c1256000 	C:\Windows\System32\win32u.dll
0x00007ff9c1f00000 - 0x00007ff9c1f2a000 	C:\Windows\System32\GDI32.dll
0x00007ff9c1110000 - 0x00007ff9c122e000 	C:\Windows\System32\gdi32full.dll
0x00007ff9c13d0000 - 0x00007ff9c146d000 	C:\Windows\System32\msvcp_win.dll
0x00007ff995990000 - 0x00007ff9959ab000 	C:\Program Files\Java\jdk-17\bin\VCRUNTIME140.dll
0x00007ff9a6fc0000 - 0x00007ff9a7265000 	C:\Windows\WinSxS\amd64_microsoft.windows.common-controls_6595b64144ccf1df_6.0.22000.120_none_9d947278b86cc467\COMCTL32.dll
0x00007ff9bac10000 - 0x00007ff9bac1a000 	C:\Windows\SYSTEM32\VERSION.dll
0x00007ff9c1c60000 - 0x00007ff9c1c91000 	C:\Windows\System32\IMM32.DLL
0x00007ff9980f0000 - 0x00007ff9980fc000 	C:\Program Files\Java\jdk-17\bin\vcruntime140_1.dll
0x00007ff944be0000 - 0x00007ff944c6e000 	C:\Program Files\Java\jdk-17\bin\msvcp140.dll
0x00007ff921ed0000 - 0x00007ff922ab0000 	C:\Program Files\Java\jdk-17\bin\server\jvm.dll
0x00007ff9c1f30000 - 0x00007ff9c1f38000 	C:\Windows\System32\PSAPI.DLL
0x00007ff997370000 - 0x00007ff997379000 	C:\Windows\SYSTEM32\WSOCK32.dll
0x00007ff9c3bd0000 - 0x00007ff9c3c3f000 	C:\Windows\System32\WS2_32.dll
0x00007ff9bb170000 - 0x00007ff9bb1a3000 	C:\Windows\SYSTEM32\WINMM.dll
0x00007ff9c0140000 - 0x00007ff9c0158000 	C:\Windows\SYSTEM32\kernel.appcore.dll
0x00007ff994490000 - 0x00007ff99449a000 	C:\Program Files\Java\jdk-17\bin\jimage.dll
0x00007ff9bec80000 - 0x00007ff9beea1000 	C:\Windows\SYSTEM32\DBGHELP.DLL
0x00007ff9a6e90000 - 0x00007ff9a6ec1000 	C:\Windows\SYSTEM32\dbgcore.DLL
0x00007ff9c1a50000 - 0x00007ff9c1acf000 	C:\Windows\System32\bcryptPrimitives.dll
0x00007ff9934a0000 - 0x00007ff9934ae000 	C:\Program Files\Java\jdk-17\bin\instrument.dll
0x00007ff9847a0000 - 0x00007ff9847c5000 	C:\Program Files\Java\jdk-17\bin\java.dll
0x00007ff9439c0000 - 0x00007ff943a97000 	C:\Program Files\Java\jdk-17\bin\jsvml.dll
0x00007ff9c20e0000 - 0x00007ff9c28a5000 	C:\Windows\System32\SHELL32.dll
0x00007ff9bf1a0000 - 0x00007ff9bfa02000 	C:\Windows\SYSTEM32\windows.storage.dll
0x00007ff9c31b0000 - 0x00007ff9c3526000 	C:\Windows\System32\combase.dll
0x00007ff9bf030000 - 0x00007ff9bf197000 	C:\Windows\SYSTEM32\wintypes.dll
0x00007ff9c30c0000 - 0x00007ff9c31aa000 	C:\Windows\System32\SHCORE.dll
0x00007ff9c1ad0000 - 0x00007ff9c1b2d000 	C:\Windows\System32\shlwapi.dll
0x00007ff9c1040000 - 0x00007ff9c1065000 	C:\Windows\SYSTEM32\profapi.dll
0x00007ff984880000 - 0x00007ff984898000 	C:\Program Files\Java\jdk-17\bin\zip.dll
0x00007ff984780000 - 0x00007ff984799000 	C:\Program Files\Java\jdk-17\bin\net.dll
0x00007ff9bb3b0000 - 0x00007ff9bb4c4000 	C:\Windows\SYSTEM32\WINHTTP.dll
0x00007ff9c05e0000 - 0x00007ff9c0647000 	C:\Windows\system32\mswsock.dll
0x00007ff984700000 - 0x00007ff984716000 	C:\Program Files\Java\jdk-17\bin\nio.dll
0x00007ff992e20000 - 0x00007ff992e30000 	C:\Program Files\Java\jdk-17\bin\verify.dll
0x00007ff984970000 - 0x00007ff984997000 	D:\Android\.gradle\native\1def1411415f61bf3af743bc5b6707747c0891f09f0c88961ee8f79bc544acac\windows-amd64\native-platform.dll
0x00007ff962de0000 - 0x00007ff962e58000 	D:\Android\.gradle\native\0.2.7\x86_64-windows-gnu\gradle-fileevents.dll
0x00007ff98ad60000 - 0x00007ff98ad6a000 	C:\Program Files\Java\jdk-17\bin\management.dll
0x00007ff98a760000 - 0x00007ff98a76b000 	C:\Program Files\Java\jdk-17\bin\management_ext.dll
0x00007ff9bfc60000 - 0x00007ff9bfc8d000 	C:\Windows\SYSTEM32\IPHLPAPI.DLL
0x00007ff9c2a70000 - 0x00007ff9c2a79000 	C:\Windows\System32\NSI.dll
0x00007ff9bb150000 - 0x00007ff9bb169000 	C:\Windows\SYSTEM32\dhcpcsvc6.DLL
0x00007ff9bb630000 - 0x00007ff9bb64e000 	C:\Windows\SYSTEM32\dhcpcsvc.DLL
0x00007ff9bfcd0000 - 0x00007ff9bfdb7000 	C:\Windows\SYSTEM32\DNSAPI.dll
0x00007ff9c08b0000 - 0x00007ff9c08c8000 	C:\Windows\SYSTEM32\CRYPTSP.dll
0x00007ff9c00a0000 - 0x00007ff9c00d5000 	C:\Windows\system32\rsaenh.dll
0x00007ff9c0680000 - 0x00007ff9c06ac000 	C:\Windows\SYSTEM32\USERENV.dll
0x00007ff9c09f0000 - 0x00007ff9c0a17000 	C:\Windows\SYSTEM32\bcrypt.dll
0x00007ff9c07d0000 - 0x00007ff9c07dc000 	C:\Windows\SYSTEM32\CRYPTBASE.dll
0x00007ff986640000 - 0x00007ff98664e000 	C:\Program Files\Java\jdk-17\bin\sunmscapi.dll
0x00007ff9c1260000 - 0x00007ff9c13c2000 	C:\Windows\System32\CRYPT32.dll
0x00007ff9c09c0000 - 0x00007ff9c09e8000 	C:\Windows\SYSTEM32\ncrypt.dll
0x00007ff9c0980000 - 0x00007ff9c09b7000 	C:\Windows\SYSTEM32\NTASN1.dll
0x00007ff97f7d0000 - 0x00007ff97f7d8000 	C:\Windows\system32\wshunix.dll

dbghelp: loaded successfully - version: 4.0.5 - missing functions: none
symbol engine: initialized successfully - sym options: 0x614 - pdb path: .;C:\Program Files\Java\jdk-17\bin;C:\Windows\SYSTEM32;C:\Windows\WinSxS\amd64_microsoft.windows.common-controls_6595b64144ccf1df_6.0.22000.120_none_9d947278b86cc467;C:\Program Files\Java\jdk-17\bin\server;D:\Android\.gradle\native\1def1411415f61bf3af743bc5b6707747c0891f09f0c88961ee8f79bc544acac\windows-amd64;D:\Android\.gradle\native\0.2.7\x86_64-windows-gnu

VM Arguments:
jvm_args: --add-opens=java.base/java.lang=ALL-UNNAMED --add-opens=java.base/java.lang.invoke=ALL-UNNAMED --add-opens=java.base/java.util=ALL-UNNAMED --add-opens=java.prefs/java.util.prefs=ALL-UNNAMED --add-exports=jdk.compiler/com.sun.tools.javac.api=ALL-UNNAMED --add-exports=jdk.compiler/com.sun.tools.javac.util=ALL-UNNAMED --add-opens=java.base/java.util=ALL-UNNAMED --add-opens=java.prefs/java.util.prefs=ALL-UNNAMED --add-opens=java.base/java.nio.charset=ALL-UNNAMED --add-opens=java.base/java.net=ALL-UNNAMED --add-opens=java.base/java.util.concurrent.atomic=ALL-UNNAMED --add-opens=java.xml/javax.xml.namespace=ALL-UNNAMED -Xmx4096M -Dfile.encoding=UTF-8 -Duser.country=US -Duser.language=en -Duser.variant -javaagent:D:\Android\.gradle\wrapper\dists\gradle-8.14.3-bin\cv11ve7ro1n3o1j4so8xd9n66\gradle-8.14.3\lib\agents\gradle-instrumentation-agent-8.14.3.jar 
java_command: org.gradle.launcher.daemon.bootstrap.GradleDaemon 8.14.3
java_class_path (initial): D:\Android\.gradle\wrapper\dists\gradle-8.14.3-bin\cv11ve7ro1n3o1j4so8xd9n66\gradle-8.14.3\lib\gradle-daemon-main-8.14.3.jar
Launcher Type: SUN_STANDARD

[Global flags]
     intx CICompilerCount                          = 4                                         {product} {ergonomic}
     uint ConcGCThreads                            = 2                                         {product} {ergonomic}
     uint G1ConcRefinementThreads                  = 8                                         {product} {ergonomic}
   size_t G1HeapRegionSize                         = 2097152                                   {product} {ergonomic}
    uintx GCDrainStackTargetSize                   = 64                                        {product} {ergonomic}
   size_t InitialHeapSize                          = 251658240                                 {product} {ergonomic}
   size_t MarkStackSize                            = 4194304                                   {product} {ergonomic}
   size_t MaxHeapSize                              = 4294967296                                {product} {command line}
   size_t MaxNewSize                               = 2575302656                                {product} {ergonomic}
   size_t MinHeapDeltaBytes                        = 2097152                                   {product} {ergonomic}
   size_t MinHeapSize                              = 8388608                                   {product} {ergonomic}
    uintx NonNMethodCodeHeapSize                   = 5839372                                {pd product} {ergonomic}
    uintx NonProfiledCodeHeapSize                  = 122909434                              {pd product} {ergonomic}
    uintx ProfiledCodeHeapSize                     = 122909434                              {pd product} {ergonomic}
    uintx ReservedCodeCacheSize                    = 251658240                              {pd product} {ergonomic}
     bool SegmentedCodeCache                       = true                                      {product} {ergonomic}
   size_t SoftMaxHeapSize                          = 4294967296                             {manageable} {ergonomic}
     bool UseCompressedClassPointers               = true                           {product lp64_product} {ergonomic}
     bool UseCompressedOops                        = true                           {product lp64_product} {ergonomic}
     bool UseG1GC                                  = true                                      {product} {ergonomic}
     bool UseLargePagesIndividualAllocation        = false                                  {pd product} {ergonomic}

Logging:
Log output configuration:
 #0: stdout all=warning uptime,level,tags
 #1: stderr all=off uptime,level,tags

Environment Variables:
PATH=C:\Program Files\Common Files\Oracle\Java\javapath;C:\Program Files (x86)\Common Files\Oracle\Java\java8path;C:\Program Files (x86)\Common Files\Oracle\Java\javapath;C:\Python314\Scripts\;C:\Python314\;C:\Program Files (x86)\NVIDIA Corporation\PhysX\Common;C:\Windows\system32;C:\Windows;C:\Windows\System32\Wbem;C:\Windows\System32\WindowsPowerShell\v1.0\;C:\Windows\System32\OpenSSH\;C:\Program Files\Git\cmd;C:\ProgramData\chocolatey\bin;D:\Programs\cursor\resources\app\bin;D:\Programs\PostgreSQL\18\bin;D:\.gradle;D:\.android\avd;C:\Program Files\nodejs\;;C:\Program Files\Docker\Docker\resources\bin;C:\Users\AUSTIN\AppData\Local\Programs\Python\Python313\Scripts\;C:\Users\AUSTIN\AppData\Local\Programs\Python\Python313\;d:\Programs\cursor\resources\app\codeBin;C:\Python314\Scripts\;C:\Python314\;C:\Program Files (x86)\NVIDIA Corporation\PhysX\Common;C:\Windows\system32;C:\Windows;C:\Windows\System32\Wbem;C:\Windows\System32\WindowsPowerShell\v1.0\;C:\Windows\System32\OpenSSH\;C:\Program Files\Git\cmd;C:\Program Files\cursor\resources\app\bin;C:\Program Files\nodejs\;C:\ProgramData\chocolatey\bin;C:\Users\AUSTIN\AppData\Local\Microsoft\WindowsApps;C:\Users\AUSTIN\AppData\Local\Programs\Microsoft VS Code\bin;C:\Program Files\nodejs;C:\Users\AUSTIN\AppData\Roaming\npm;C:\Users\AUSTIN\AppData\Local\Programs\mongosh\;D:\Programs\Antigravity\bin;D:\intellij\IntelliJ IDEA 2025.3.2\bin
USERNAME=AUSTIN
OS=Windows_NT
PROCESSOR_IDENTIFIER=AMD64 Family 23 Model 17 Stepping 0, AuthenticAMD



---------------  S Y S T E M  ---------------

OS:
 Windows 11 , 64 bit Build 22000 (10.0.22000.2538)
OS uptime: 1 days 0:03 hours
Hyper-V role detected

CPU: total 8 (initial active 8) (8 cores per cpu, 2 threads per core) family 23 model 17 stepping 0 microcode 0x0, cx8, cmov, fxsr, ht, mmx, 3dnowpref, sse, sse2, sse3, ssse3, sse4a, sse4.1, sse4.2, popcnt, lzcnt, tsc, tscinvbit, avx, avx2, aes, clmul, bmi1, bmi2, adx, sha, fma, vzeroupper, clflush, clflushopt, hv

Memory: 4k page, system-wide physical 15293M (542M free)
TotalPageFile size 20842M (AvailPageFile size 640M)
current process WorkingSet (physical memory assigned to process): 959M, peak: 959M
current process commit charge ("private bytes"): 1002M, peak: 2230M

vm_info: Java HotSpot(TM) 64-Bit Server VM (17.0.17+8-LTS-360) for windows-amd64 JRE (17.0.17+8-LTS-360), built on Sep 27 2025 05:17:01 by "mach5run" with MS VC++ 17.6 (VS2022)

END.
