#
# There is insufficient memory for the Java Runtime Environment to continue.
# Native memory allocation (mmap) failed to map 251658240 bytes for G1 virtual space
# Possible reasons:
#   The system is out of physical RAM or swap space
#   The process is running with CompressedOops enabled, and the Java Heap may be blocking the growth of the native heap
# Possible solutions:
#   Reduce memory load on the system
#   Increase physical memory or swap space
#   Check if swap backing store is full
#   Decrease Java heap size (-Xmx/-Xms)
#   Decrease number of Java threads
#   Decrease Java thread stack sizes (-Xss)
#   Set larger code cache with -XX:ReservedCodeCacheSize=
#   JVM is running with Zero Based Compressed Oops mode in which the Java heap is
#     placed in the first 32GB address space. The Java Heap base address is the
#     maximum limit for the native heap growth. Please use -XX:HeapBaseMinAddress
#     to set the Java Heap base and to place the Java Heap above 32GB virtual address.
# This output file may be truncated or incomplete.
#
#  Out of Memory Error (os_windows.cpp:3551), pid=152288, tid=153268
#
# JRE version:  (17.0.17+8) (build )
# Java VM: Java HotSpot(TM) 64-Bit Server VM (17.0.17+8-LTS-360, mixed mode, sharing, tiered, compressed oops, compressed class ptrs, g1 gc, windows-amd64)
# No core dump will be written. Minidumps are not enabled by default on client versions of Windows
#

---------------  S U M M A R Y ------------

Command Line: 

Host: AMD Ryzen 5 PRO 2400GE w/ Radeon Vega Graphics , 8 cores, 14G,  Windows 11 , 64 bit Build 22000 (10.0.22000.2538)
Time: Thu Apr  9 20:57:34 2026 E. Africa Standard Time elapsed time: 0.128940 seconds (0d 0h 0m 0s)

---------------  T H R E A D  ---------------

Current thread (0x00000172a32de670):  JavaThread "Unknown thread" [_thread_in_vm, id=153268, stack(0x000000693f500000,0x000000693f600000)]

Stack: [0x000000693f500000,0x000000693f600000]
Native frames: (J=compiled Java code, j=interpreted, Vv=VM code, C=native code)
V  [jvm.dll+0x67a0ea]
V  [jvm.dll+0x7da56d]
V  [jvm.dll+0x7dbeb3]
V  [jvm.dll+0x7dc523]
V  [jvm.dll+0x2453af]
V  [jvm.dll+0x677119]
V  [jvm.dll+0x66bda2]
V  [jvm.dll+0x3022a6]
V  [jvm.dll+0x309846]
V  [jvm.dll+0x35a25e]
V  [jvm.dll+0x35a48f]
V  [jvm.dll+0x2d9378]
V  [jvm.dll+0x2da2e4]
V  [jvm.dll+0x7acd41]
V  [jvm.dll+0x367ac1]
V  [jvm.dll+0x78bcf9]
V  [jvm.dll+0x3ed10e]
V  [jvm.dll+0x3eed41]
C  [jli.dll+0x5297]
C  [ucrtbase.dll+0x26c0c]
C  [KERNEL32.DLL+0x153e0]
C  [ntdll.dll+0x485b]


---------------  P R O C E S S  ---------------

Threads class SMR info:
_java_thread_list=0x00007ff922987a18, length=0, elements={
}

Java Threads: ( => current thread )

Other Threads:
  0x00000172a33491b0 GCTaskThread "GC Thread#0" [stack: 0x000000693f600000,0x000000693f700000] [id=153856]
  0x00000172a3358f00 ConcurrentGCThread "G1 Main Marker" [stack: 0x000000693f700000,0x000000693f800000] [id=155468]
  0x00000172a3359810 ConcurrentGCThread "G1 Conc#0" [stack: 0x000000693f800000,0x000000693f900000] [id=156292]

[error occurred during error reporting (printing all threads), id 0xc0000005, EXCEPTION_ACCESS_VIOLATION (0xc0000005) at pc=0x00007ff9221b9e67]

VM state: not at safepoint (not fully initialized)

VM Mutex/Monitor currently owned by a thread:  ([mutex/lock_event])
[0x00000172a32dbc00] Heap_lock - owner thread: 0x00000172a32de670

Heap address: 0x0000000711000000, size: 3824 MB, Compressed Oops mode: Zero based, Oop shift amount: 3

CDS archive(s) mapped at: [0x0000000000000000-0x0000000000000000-0x0000000000000000), size 0, SharedBaseAddress: 0x0000000800000000, ArchiveRelocationMode: 1.
Narrow klass base: 0x0000000000000000, Narrow klass shift: 0, Narrow klass range: 0x0

GC Precious Log:
<Empty>

Heap:
 garbage-first heap   total 0K, used 0K [0x0000000711000000, 0x0000000800000000)
  region size 2048K, 0 young (0K), 0 survivors (0K)

[error occurred during error reporting (printing heap information), id 0xc0000005, EXCEPTION_ACCESS_VIOLATION (0xc0000005) at pc=0x00007ff9225a3949]

GC Heap History (0 events):
No events

Deoptimization events (0 events):
No events

Classes unloaded (0 events):
No events

Classes redefined (0 events):
No events

Internal exceptions (0 events):
No events

VM Operations (0 events):
No events

Events (1 events):
Event: 0.079 Loaded shared library C:\Program Files\Java\jdk-17\bin\java.dll


Dynamic libraries:
0x00007ff682ef0000 - 0x00007ff682f00000 	C:\Program Files\Java\jdk-17\bin\java.exe
0x00007ff9c3c80000 - 0x00007ff9c3e89000 	C:\Windows\SYSTEM32\ntdll.dll
0x00007ff9c3000000 - 0x00007ff9c30bd000 	C:\Windows\System32\KERNEL32.DLL
0x00007ff9c1590000 - 0x00007ff9c1914000 	C:\Windows\System32\KERNELBASE.dll
0x00007ff9c1470000 - 0x00007ff9c1581000 	C:\Windows\System32\ucrtbase.dll
0x00007ff995ef0000 - 0x00007ff995f09000 	C:\Program Files\Java\jdk-17\bin\jli.dll
0x00007ff9c39b0000 - 0x00007ff9c3a5e000 	C:\Windows\System32\ADVAPI32.dll
0x00007ff9c2ee0000 - 0x00007ff9c2f83000 	C:\Windows\System32\msvcrt.dll
0x00007ff9c2aa0000 - 0x00007ff9c2b3e000 	C:\Windows\System32\sechost.dll
0x00007ff9c1b30000 - 0x00007ff9c1c51000 	C:\Windows\System32\RPCRT4.dll
0x00007ff9c2cd0000 - 0x00007ff9c2e7d000 	C:\Windows\System32\USER32.dll
0x00007ff9c1230000 - 0x00007ff9c1256000 	C:\Windows\System32\win32u.dll
0x00007ff9c1f00000 - 0x00007ff9c1f2a000 	C:\Windows\System32\GDI32.dll
0x00007ff9a6fc0000 - 0x00007ff9a7265000 	C:\Windows\WinSxS\amd64_microsoft.windows.common-controls_6595b64144ccf1df_6.0.22000.120_none_9d947278b86cc467\COMCTL32.dll
0x00007ff9c1110000 - 0x00007ff9c122e000 	C:\Windows\System32\gdi32full.dll
0x00007ff9c13d0000 - 0x00007ff9c146d000 	C:\Windows\System32\msvcp_win.dll
0x00007ff9bac10000 - 0x00007ff9bac1a000 	C:\Windows\SYSTEM32\VERSION.dll
0x00007ff995990000 - 0x00007ff9959ab000 	C:\Program Files\Java\jdk-17\bin\VCRUNTIME140.dll
0x00007ff9c1c60000 - 0x00007ff9c1c91000 	C:\Windows\System32\IMM32.DLL
0x00007ff9980f0000 - 0x00007ff9980fc000 	C:\Program Files\Java\jdk-17\bin\vcruntime140_1.dll
0x00007ff944be0000 - 0x00007ff944c6e000 	C:\Program Files\Java\jdk-17\bin\msvcp140.dll
0x00007ff921ed0000 - 0x00007ff922ab0000 	C:\Program Files\Java\jdk-17\bin\server\jvm.dll
0x00007ff9c1f30000 - 0x00007ff9c1f38000 	C:\Windows\System32\PSAPI.DLL
0x00007ff997370000 - 0x00007ff997379000 	C:\Windows\SYSTEM32\WSOCK32.dll
0x00007ff9c3bd0000 - 0x00007ff9c3c3f000 	C:\Windows\System32\WS2_32.dll
0x00007ff9bb170000 - 0x00007ff9bb1a3000 	C:\Windows\SYSTEM32\WINMM.dll
0x00007ff9c0140000 - 0x00007ff9c0158000 	C:\Windows\SYSTEM32\kernel.appcore.dll
0x00007ff994490000 - 0x00007ff99449a000 	C:\Program Files\Java\jdk-17\bin\jimage.dll
0x00007ff9bec80000 - 0x00007ff9beea1000 	C:\Windows\SYSTEM32\DBGHELP.DLL
0x00007ff9a6e90000 - 0x00007ff9a6ec1000 	C:\Windows\SYSTEM32\dbgcore.DLL
0x00007ff9c1a50000 - 0x00007ff9c1acf000 	C:\Windows\System32\bcryptPrimitives.dll
0x00007ff9847a0000 - 0x00007ff9847c5000 	C:\Program Files\Java\jdk-17\bin\java.dll

dbghelp: loaded successfully - version: 4.0.5 - missing functions: none
symbol engine: initialized successfully - sym options: 0x614 - pdb path: .;C:\Program Files\Java\jdk-17\bin;C:\Windows\SYSTEM32;C:\Windows\WinSxS\amd64_microsoft.windows.common-controls_6595b64144ccf1df_6.0.22000.120_none_9d947278b86cc467;C:\Program Files\Java\jdk-17\bin\server

VM Arguments:
java_command: <unknown>
java_class_path (initial): <not set>
Launcher Type: SUN_STANDARD

[Global flags]
     intx CICompilerCount                          = 4                                         {product} {ergonomic}
     uint ConcGCThreads                            = 2                                         {product} {ergonomic}
     uint G1ConcRefinementThreads                  = 8                                         {product} {ergonomic}
   size_t G1HeapRegionSize                         = 2097152                                   {product} {ergonomic}
    uintx GCDrainStackTargetSize                   = 64                                        {product} {ergonomic}
   size_t InitialHeapSize                          = 251658240                                 {product} {ergonomic}
   size_t MarkStackSize                            = 4194304                                   {product} {ergonomic}
   size_t MaxHeapSize                              = 4009754624                                {product} {ergonomic}
   size_t MinHeapDeltaBytes                        = 2097152                                   {product} {ergonomic}
   size_t MinHeapSize                              = 8388608                                   {product} {ergonomic}
    uintx NonNMethodCodeHeapSize                   = 5839372                                {pd product} {ergonomic}
    uintx NonProfiledCodeHeapSize                  = 122909434                              {pd product} {ergonomic}
    uintx ProfiledCodeHeapSize                     = 122909434                              {pd product} {ergonomic}
    uintx ReservedCodeCacheSize                    = 251658240                              {pd product} {ergonomic}
     bool SegmentedCodeCache                       = true                                      {product} {ergonomic}
   size_t SoftMaxHeapSize                          = 4009754624                             {manageable} {ergonomic}
     bool UseCompressedClassPointers               = true                           {product lp64_product} {ergonomic}
     bool UseCompressedOops                        = true                           {product lp64_product} {ergonomic}
     bool UseG1GC                                  = true                                      {product} {ergonomic}
     bool UseLargePagesIndividualAllocation        = false                                  {pd product} {ergonomic}

Logging:
Log output configuration:
 #0: stdout all=warning uptime,level,tags
 #1: stderr all=off uptime,level,tags

Environment Variables:
PATH=C:\Program Files\Common Files\Oracle\Java\javapath;C:\Program Files (x86)\Common Files\Oracle\Java\java8path;C:\Program Files (x86)\Common Files\Oracle\Java\javapath;C:\Python314\Scripts\;C:\Python314\;C:\Program Files (x86)\NVIDIA Corporation\PhysX\Common;C:\Windows\system32;C:\Windows;C:\Windows\System32\Wbem;C:\Windows\System32\WindowsPowerShell\v1.0\;C:\Windows\System32\OpenSSH\;C:\Program Files\Git\cmd;C:\ProgramData\chocolatey\bin;D:\Programs\cursor\resources\app\bin;D:\Programs\PostgreSQL\18\bin;D:\.gradle;D:\.android\avd;C:\Program Files\nodejs\;;C:\Program Files\Docker\Docker\resources\bin;C:\Users\AUSTIN\AppData\Local\Programs\Python\Python313\Scripts\;C:\Users\AUSTIN\AppData\Local\Programs\Python\Python313\;d:\Programs\cursor\resources\app\codeBin;C:\Python314\Scripts\;C:\Python314\;C:\Program Files (x86)\NVIDIA Corporation\PhysX\Common;C:\Windows\system32;C:\Windows;C:\Windows\System32\Wbem;C:\Windows\System32\WindowsPowerShell\v1.0\;C:\Windows\System32\OpenSSH\;C:\Program Files\Git\cmd;C:\Program Files\cursor\resources\app\bin;C:\Program Files\nodejs\;C:\ProgramData\chocolatey\bin;C:\Users\AUSTIN\AppData\Local\Microsoft\WindowsApps;C:\Users\AUSTIN\AppData\Local\Programs\Microsoft VS Code\bin;C:\Program Files\nodejs;C:\Users\AUSTIN\AppData\Roaming\npm;C:\Users\AUSTIN\AppData\Local\Programs\mongosh\;D:\Programs\Antigravity\bin;D:\intellij\IntelliJ IDEA 2025.3.2\bin
USERNAME=AUSTIN
OS=Windows_NT
PROCESSOR_IDENTIFIER=AMD64 Family 23 Model 17 Stepping 0, AuthenticAMD



---------------  S Y S T E M  ---------------

OS:
 Windows 11 , 64 bit Build 22000 (10.0.22000.2538)
OS uptime: 1 days 0:06 hours
Hyper-V role detected

CPU: total 8 (initial active 8) (8 cores per cpu, 2 threads per core) family 23 model 17 stepping 0 microcode 0x0, cx8, cmov, fxsr, ht, mmx, 3dnowpref, sse, sse2, sse3, ssse3, sse4a, sse4.1, sse4.2, popcnt, lzcnt, tsc, tscinvbit, avx, avx2, aes, clmul, bmi1, bmi2, adx, sha, fma, vzeroupper, clflush, clflushopt, hv

Memory: 4k page, system-wide physical 15293M (376M free)
TotalPageFile size 20844M (AvailPageFile size 146M)
current process WorkingSet (physical memory assigned to process): 10M, peak: 10M
current process commit charge ("private bytes"): 60M, peak: 300M

vm_info: Java HotSpot(TM) 64-Bit Server VM (17.0.17+8-LTS-360) for windows-amd64 JRE (17.0.17+8-LTS-360), built on Sep 27 2025 05:17:01 by "mach5run" with MS VC++ 17.6 (VS2022)

END.
